{"/Users/mac/Code/Tracker/src/hooks/useDashboard.ts": {"path":"/Users/mac/Code/Tracker/src/hooks/useDashboard.ts","statementMap":{"0":{"start":{"line":18,"column":46},"end":{"line":18,"column":null}},"1":{"start":{"line":21,"column":8},"end":{"line":27,"column":null}},"2":{"start":{"line":22,"column":4},"end":{"line":25,"column":null}},"3":{"start":{"line":24,"column":6},"end":{"line":24,"column":null}},"4":{"start":{"line":26,"column":4},"end":{"line":26,"column":null}},"5":{"start":{"line":30,"column":8},"end":{"line":37,"column":null}},"6":{"start":{"line":32,"column":4},"end":{"line":34,"column":null}},"7":{"start":{"line":33,"column":6},"end":{"line":33,"column":null}},"8":{"start":{"line":39,"column":2},"end":{"line":44,"column":null}},"9":{"start":{"line":55,"column":34},"end":{"line":55,"column":null}},"10":{"start":{"line":57,"column":8},"end":{"line":62,"column":null}},"11":{"start":{"line":58,"column":4},"end":{"line":60,"column":null}},"12":{"start":{"line":59,"column":6},"end":{"line":59,"column":null}},"13":{"start":{"line":61,"column":4},"end":{"line":61,"column":null}},"14":{"start":{"line":64,"column":2},"end":{"line":68,"column":null}}},"fnMap":{"0":{"name":"useDashboard","decl":{"start":{"line":17,"column":16},"end":{"line":17,"column":51}},"loc":{"start":{"line":17,"column":51},"end":{"line":45,"column":null}},"line":17},"1":{"name":"(anonymous_1)","decl":{"start":{"line":21,"column":48},"end":{"line":21,"column":54}},"loc":{"start":{"line":21,"column":54},"end":{"line":27,"column":5}},"line":21},"2":{"name":"(anonymous_2)","decl":{"start":{"line":30,"column":30},"end":{"line":30,"column":36}},"loc":{"start":{"line":30,"column":36},"end":{"line":37,"column":5}},"line":30},"3":{"name":"useCategory","decl":{"start":{"line":50,"column":16},"end":{"line":50,"column":28}},"loc":{"start":{"line":54,"column":2},"end":{"line":69,"column":null}},"line":54},"4":{"name":"(anonymous_4)","decl":{"start":{"line":57,"column":43},"end":{"line":57,"column":49}},"loc":{"start":{"line":57,"column":49},"end":{"line":62,"column":5}},"line":57}},"branchMap":{"0":{"loc":{"start":{"line":22,"column":4},"end":{"line":25,"column":null}},"type":"if","locations":[{"start":{"line":22,"column":4},"end":{"line":25,"column":null}},{"start":{},"end":{}}],"line":22},"1":{"loc":{"start":{"line":22,"column":8},"end":{"line":22,"column":41}},"type":"binary-expr","locations":[{"start":{"line":22,"column":8},"end":{"line":22,"column":19}},{"start":{"line":22,"column":19},"end":{"line":22,"column":41}}],"line":22},"2":{"loc":{"start":{"line":32,"column":4},"end":{"line":34,"column":null}},"type":"if","locations":[{"start":{"line":32,"column":4},"end":{"line":34,"column":null}},{"start":{},"end":{}}],"line":32},"3":{"loc":{"start":{"line":42,"column":11},"end":{"line":42,"column":null}},"type":"binary-expr","locations":[{"start":{"line":42,"column":11},"end":{"line":42,"column":29}},{"start":{"line":42,"column":29},"end":{"line":42,"column":null}}],"line":42},"4":{"loc":{"start":{"line":58,"column":4},"end":{"line":60,"column":null}},"type":"if","locations":[{"start":{"line":58,"column":4},"end":{"line":60,"column":null}},{"start":{},"end":{}}],"line":58},"5":{"loc":{"start":{"line":67,"column":11},"end":{"line":67,"column":null}},"type":"binary-expr","locations":[{"start":{"line":67,"column":11},"end":{"line":67,"column":29}},{"start":{"line":67,"column":29},"end":{"line":67,"column":null}}],"line":67}},"s":{"0":11,"1":11,"2":11,"3":8,"4":3,"5":11,"6":0,"7":0,"8":11,"9":6,"10":6,"11":6,"12":3,"13":3,"14":6},"f":{"0":11,"1":11,"2":0,"3":6,"4":6},"b":{"0":[8,3],"1":[11,5],"2":[0,0],"3":[11,11],"4":[3,3],"5":[6,6]},"meta":{"lastBranch":6,"lastFunction":5,"lastStatement":15,"seen":{"f:17:16:17:51":0,"s:18:46:18:Infinity":0,"s:21:8:27:Infinity":1,"f:21:48:21:54":1,"b:22:4:25:Infinity:undefined:undefined:undefined:undefined":0,"s:22:4:25:Infinity":2,"b:22:8:22:19:22:19:22:41":1,"s:24:6:24:Infinity":3,"s:26:4:26:Infinity":4,"s:30:8:37:Infinity":5,"f:30:30:30:36":2,"b:32:4:34:Infinity:undefined:undefined:undefined:undefined":2,"s:32:4:34:Infinity":6,"s:33:6:33:Infinity":7,"s:39:2:44:Infinity":8,"b:42:11:42:29:42:29:42:Infinity":3,"f:50:16:50:28":3,"s:55:34:55:Infinity":9,"s:57:8:62:Infinity":10,"f:57:43:57:49":4,"b:58:4:60:Infinity:undefined:undefined:undefined:undefined":4,"s:58:4:60:Infinity":11,"s:59:6:59:Infinity":12,"s:61:4:61:Infinity":13,"s:64:2:68:Infinity":14,"b:67:11:67:29:67:29:67:Infinity":5}}}
,"/Users/mac/Code/Tracker/src/hooks/useMetrics.ts": {"path":"/Users/mac/Code/Tracker/src/hooks/useMetrics.ts","statementMap":{"0":{"start":{"line":34,"column":28},"end":{"line":34,"column":null}},"1":{"start":{"line":35,"column":28},"end":{"line":35,"column":null}},"2":{"start":{"line":36,"column":24},"end":{"line":36,"column":null}},"3":{"start":{"line":37,"column":8},"end":{"line":37,"column":null}},"4":{"start":{"line":40,"column":2},"end":{"line":64,"column":null}},"5":{"start":{"line":41,"column":24},"end":{"line":61,"column":null}},"6":{"start":{"line":42,"column":6},"end":{"line":60,"column":null}},"7":{"start":{"line":43,"column":24},"end":{"line":43,"column":null}},"8":{"start":{"line":44,"column":27},"end":{"line":44,"column":null}},"9":{"start":{"line":46,"column":8},"end":{"line":48,"column":null}},"10":{"start":{"line":47,"column":10},"end":{"line":47,"column":null}},"11":{"start":{"line":50,"column":8},"end":{"line":50,"column":null}},"12":{"start":{"line":52,"column":30},"end":{"line":52,"column":null}},"13":{"start":{"line":53,"column":8},"end":{"line":55,"column":null}},"14":{"start":{"line":54,"column":10},"end":{"line":54,"column":null}},"15":{"start":{"line":57,"column":8},"end":{"line":57,"column":null}},"16":{"start":{"line":59,"column":8},"end":{"line":59,"column":null}},"17":{"start":{"line":63,"column":4},"end":{"line":63,"column":null}},"18":{"start":{"line":66,"column":8},"end":{"line":87,"column":null}},"19":{"start":{"line":69,"column":4},"end":{"line":72,"column":null}},"20":{"start":{"line":70,"column":6},"end":{"line":70,"column":null}},"21":{"start":{"line":71,"column":6},"end":{"line":71,"column":null}},"22":{"start":{"line":74,"column":19},"end":{"line":74,"column":null}},"23":{"start":{"line":76,"column":4},"end":{"line":79,"column":null}},"24":{"start":{"line":77,"column":6},"end":{"line":77,"column":null}},"25":{"start":{"line":78,"column":6},"end":{"line":78,"column":null}},"26":{"start":{"line":81,"column":4},"end":{"line":84,"column":null}},"27":{"start":{"line":82,"column":6},"end":{"line":82,"column":null}},"28":{"start":{"line":82,"column":25},"end":{"line":82,"column":48}},"29":{"start":{"line":83,"column":6},"end":{"line":83,"column":null}},"30":{"start":{"line":86,"column":4},"end":{"line":86,"column":null}},"31":{"start":{"line":89,"column":8},"end":{"line":105,"column":null}},"32":{"start":{"line":90,"column":4},"end":{"line":93,"column":null}},"33":{"start":{"line":91,"column":6},"end":{"line":91,"column":null}},"34":{"start":{"line":92,"column":6},"end":{"line":92,"column":null}},"35":{"start":{"line":95,"column":19},"end":{"line":95,"column":null}},"36":{"start":{"line":97,"column":4},"end":{"line":100,"column":null}},"37":{"start":{"line":98,"column":6},"end":{"line":98,"column":null}},"38":{"start":{"line":99,"column":6},"end":{"line":99,"column":null}},"39":{"start":{"line":102,"column":4},"end":{"line":104,"column":null}},"40":{"start":{"line":103,"column":6},"end":{"line":103,"column":null}},"41":{"start":{"line":103,"column":25},"end":{"line":103,"column":70}},"42":{"start":{"line":103,"column":39},"end":{"line":103,"column":69}},"43":{"start":{"line":107,"column":8},"end":{"line":121,"column":null}},"44":{"start":{"line":108,"column":4},"end":{"line":111,"column":null}},"45":{"start":{"line":109,"column":6},"end":{"line":109,"column":null}},"46":{"start":{"line":110,"column":6},"end":{"line":110,"column":null}},"47":{"start":{"line":113,"column":19},"end":{"line":113,"column":null}},"48":{"start":{"line":115,"column":4},"end":{"line":118,"column":null}},"49":{"start":{"line":116,"column":6},"end":{"line":116,"column":null}},"50":{"start":{"line":117,"column":6},"end":{"line":117,"column":null}},"51":{"start":{"line":120,"column":4},"end":{"line":120,"column":null}},"52":{"start":{"line":120,"column":23},"end":{"line":120,"column":52}},"53":{"start":{"line":120,"column":40},"end":{"line":120,"column":51}},"54":{"start":{"line":123,"column":8},"end":{"line":125,"column":null}},"55":{"start":{"line":124,"column":4},"end":{"line":124,"column":null}},"56":{"start":{"line":124,"column":31},"end":{"line":124,"column":54}},"57":{"start":{"line":127,"column":8},"end":{"line":132,"column":null}},"58":{"start":{"line":128,"column":4},"end":{"line":131,"column":null}},"59":{"start":{"line":129,"column":24},"end":{"line":129,"column":null}},"60":{"start":{"line":130,"column":6},"end":{"line":130,"column":null}},"61":{"start":{"line":134,"column":8},"end":{"line":138,"column":null}},"62":{"start":{"line":135,"column":4},"end":{"line":137,"column":null}},"63":{"start":{"line":136,"column":19},"end":{"line":136,"column":34}},"64":{"start":{"line":137,"column":22},"end":{"line":137,"column":87}},"65":{"start":{"line":140,"column":8},"end":{"line":152,"column":null}},"66":{"start":{"line":141,"column":4},"end":{"line":143,"column":null}},"67":{"start":{"line":142,"column":6},"end":{"line":142,"column":null}},"68":{"start":{"line":145,"column":19},"end":{"line":145,"column":null}},"69":{"start":{"line":147,"column":4},"end":{"line":149,"column":null}},"70":{"start":{"line":148,"column":6},"end":{"line":148,"column":null}},"71":{"start":{"line":151,"column":4},"end":{"line":151,"column":null}},"72":{"start":{"line":154,"column":8},"end":{"line":170,"column":null}},"73":{"start":{"line":155,"column":4},"end":{"line":158,"column":null}},"74":{"start":{"line":156,"column":6},"end":{"line":156,"column":null}},"75":{"start":{"line":157,"column":6},"end":{"line":157,"column":null}},"76":{"start":{"line":160,"column":19},"end":{"line":160,"column":null}},"77":{"start":{"line":162,"column":4},"end":{"line":165,"column":null}},"78":{"start":{"line":163,"column":6},"end":{"line":163,"column":null}},"79":{"start":{"line":164,"column":6},"end":{"line":164,"column":null}},"80":{"start":{"line":167,"column":4},"end":{"line":169,"column":null}},"81":{"start":{"line":168,"column":6},"end":{"line":168,"column":null}},"82":{"start":{"line":168,"column":25},"end":{"line":168,"column":51}},"83":{"start":{"line":172,"column":8},"end":{"line":186,"column":null}},"84":{"start":{"line":173,"column":4},"end":{"line":176,"column":null}},"85":{"start":{"line":174,"column":6},"end":{"line":174,"column":null}},"86":{"start":{"line":175,"column":6},"end":{"line":175,"column":null}},"87":{"start":{"line":178,"column":19},"end":{"line":178,"column":null}},"88":{"start":{"line":180,"column":4},"end":{"line":183,"column":null}},"89":{"start":{"line":181,"column":6},"end":{"line":181,"column":null}},"90":{"start":{"line":182,"column":6},"end":{"line":182,"column":null}},"91":{"start":{"line":185,"column":4},"end":{"line":185,"column":null}},"92":{"start":{"line":188,"column":8},"end":{"line":190,"column":null}},"93":{"start":{"line":189,"column":4},"end":{"line":189,"column":null}},"94":{"start":{"line":192,"column":8},"end":{"line":204,"column":null}},"95":{"start":{"line":193,"column":4},"end":{"line":195,"column":null}},"96":{"start":{"line":194,"column":6},"end":{"line":194,"column":null}},"97":{"start":{"line":197,"column":19},"end":{"line":197,"column":null}},"98":{"start":{"line":199,"column":4},"end":{"line":201,"column":null}},"99":{"start":{"line":200,"column":6},"end":{"line":200,"column":null}},"100":{"start":{"line":203,"column":4},"end":{"line":203,"column":null}},"101":{"start":{"line":206,"column":8},"end":{"line":244,"column":null}},"102":{"start":{"line":210,"column":4},"end":{"line":213,"column":null}},"103":{"start":{"line":211,"column":6},"end":{"line":211,"column":null}},"104":{"start":{"line":212,"column":6},"end":{"line":212,"column":null}},"105":{"start":{"line":216,"column":10},"end":{"line":216,"column":null}},"106":{"start":{"line":218,"column":4},"end":{"line":221,"column":null}},"107":{"start":{"line":219,"column":6},"end":{"line":219,"column":null}},"108":{"start":{"line":220,"column":6},"end":{"line":220,"column":null}},"109":{"start":{"line":224,"column":10},"end":{"line":224,"column":null}},"110":{"start":{"line":226,"column":4},"end":{"line":229,"column":null}},"111":{"start":{"line":227,"column":6},"end":{"line":227,"column":null}},"112":{"start":{"line":228,"column":6},"end":{"line":228,"column":null}},"113":{"start":{"line":232,"column":25},"end":{"line":232,"column":null}},"114":{"start":{"line":234,"column":4},"end":{"line":237,"column":null}},"115":{"start":{"line":235,"column":6},"end":{"line":235,"column":null}},"116":{"start":{"line":236,"column":6},"end":{"line":236,"column":null}},"117":{"start":{"line":239,"column":4},"end":{"line":241,"column":null}},"118":{"start":{"line":240,"column":6},"end":{"line":240,"column":null}},"119":{"start":{"line":240,"column":25},"end":{"line":240,"column":57}},"120":{"start":{"line":243,"column":4},"end":{"line":243,"column":null}},"121":{"start":{"line":246,"column":2},"end":{"line":262,"column":null}}},"fnMap":{"0":{"name":"useMetrics","decl":{"start":{"line":33,"column":16},"end":{"line":33,"column":47}},"loc":{"start":{"line":33,"column":47},"end":{"line":263,"column":null}},"line":33},"1":{"name":"(anonymous_1)","decl":{"start":{"line":40,"column":12},"end":{"line":40,"column":18}},"loc":{"start":{"line":40,"column":18},"end":{"line":64,"column":5}},"line":40},"2":{"name":"(anonymous_2)","decl":{"start":{"line":41,"column":24},"end":{"line":41,"column":36}},"loc":{"start":{"line":41,"column":36},"end":{"line":61,"column":null}},"line":41},"3":{"name":"(anonymous_3)","decl":{"start":{"line":66,"column":32},"end":{"line":66,"column":null}},"loc":{"start":{"line":68,"column":31},"end":{"line":87,"column":5}},"line":68},"4":{"name":"(anonymous_4)","decl":{"start":{"line":82,"column":17},"end":{"line":82,"column":25}},"loc":{"start":{"line":82,"column":25},"end":{"line":82,"column":48}},"line":82},"5":{"name":"(anonymous_5)","decl":{"start":{"line":89,"column":35},"end":{"line":89,"column":42}},"loc":{"start":{"line":89,"column":98},"end":{"line":105,"column":5}},"line":89},"6":{"name":"(anonymous_6)","decl":{"start":{"line":103,"column":17},"end":{"line":103,"column":25}},"loc":{"start":{"line":103,"column":25},"end":{"line":103,"column":70}},"line":103},"7":{"name":"(anonymous_7)","decl":{"start":{"line":103,"column":34},"end":{"line":103,"column":39}},"loc":{"start":{"line":103,"column":39},"end":{"line":103,"column":69}},"line":103},"8":{"name":"(anonymous_8)","decl":{"start":{"line":107,"column":35},"end":{"line":107,"column":42}},"loc":{"start":{"line":107,"column":72},"end":{"line":121,"column":5}},"line":107},"9":{"name":"(anonymous_9)","decl":{"start":{"line":120,"column":15},"end":{"line":120,"column":23}},"loc":{"start":{"line":120,"column":23},"end":{"line":120,"column":52}},"line":120},"10":{"name":"(anonymous_10)","decl":{"start":{"line":120,"column":35},"end":{"line":120,"column":40}},"loc":{"start":{"line":120,"column":40},"end":{"line":120,"column":51}},"line":120},"11":{"name":"(anonymous_11)","decl":{"start":{"line":123,"column":43},"end":{"line":123,"column":44}},"loc":{"start":{"line":123,"column":83},"end":{"line":125,"column":5}},"line":123},"12":{"name":"(anonymous_12)","decl":{"start":{"line":124,"column":26},"end":{"line":124,"column":31}},"loc":{"start":{"line":124,"column":31},"end":{"line":124,"column":54}},"line":124},"13":{"name":"(anonymous_13)","decl":{"start":{"line":127,"column":44},"end":{"line":127,"column":45}},"loc":{"start":{"line":127,"column":90},"end":{"line":132,"column":5}},"line":127},"14":{"name":"(anonymous_14)","decl":{"start":{"line":128,"column":26},"end":{"line":128,"column":31}},"loc":{"start":{"line":128,"column":31},"end":{"line":131,"column":5}},"line":128},"15":{"name":"(anonymous_15)","decl":{"start":{"line":134,"column":39},"end":{"line":134,"column":40}},"loc":{"start":{"line":134,"column":67},"end":{"line":138,"column":5}},"line":134},"16":{"name":"(anonymous_16)","decl":{"start":{"line":136,"column":14},"end":{"line":136,"column":19}},"loc":{"start":{"line":136,"column":19},"end":{"line":136,"column":34}},"line":136},"17":{"name":"(anonymous_17)","decl":{"start":{"line":137,"column":12},"end":{"line":137,"column":13}},"loc":{"start":{"line":137,"column":22},"end":{"line":137,"column":87}},"line":137},"18":{"name":"(anonymous_18)","decl":{"start":{"line":140,"column":36},"end":{"line":140,"column":65}},"loc":{"start":{"line":140,"column":65},"end":{"line":152,"column":5}},"line":140},"19":{"name":"(anonymous_19)","decl":{"start":{"line":154,"column":36},"end":{"line":154,"column":43}},"loc":{"start":{"line":154,"column":88},"end":{"line":170,"column":5}},"line":154},"20":{"name":"(anonymous_20)","decl":{"start":{"line":168,"column":17},"end":{"line":168,"column":25}},"loc":{"start":{"line":168,"column":25},"end":{"line":168,"column":51}},"line":168},"21":{"name":"(anonymous_21)","decl":{"start":{"line":172,"column":35},"end":{"line":172,"column":42}},"loc":{"start":{"line":172,"column":78},"end":{"line":186,"column":5}},"line":172},"22":{"name":"(anonymous_22)","decl":{"start":{"line":188,"column":33},"end":{"line":188,"column":45}},"loc":{"start":{"line":188,"column":45},"end":{"line":190,"column":5}},"line":188},"23":{"name":"(anonymous_23)","decl":{"start":{"line":192,"column":36},"end":{"line":192,"column":83}},"loc":{"start":{"line":192,"column":83},"end":{"line":204,"column":5}},"line":192},"24":{"name":"(anonymous_24)","decl":{"start":{"line":206,"column":38},"end":{"line":206,"column":null}},"loc":{"start":{"line":209,"column":39},"end":{"line":244,"column":5}},"line":209},"25":{"name":"(anonymous_25)","decl":{"start":{"line":240,"column":17},"end":{"line":240,"column":25}},"loc":{"start":{"line":240,"column":25},"end":{"line":240,"column":57}},"line":240}},"branchMap":{"0":{"loc":{"start":{"line":46,"column":8},"end":{"line":48,"column":null}},"type":"if","locations":[{"start":{"line":46,"column":8},"end":{"line":48,"column":null}},{"start":{},"end":{}}],"line":46},"1":{"loc":{"start":{"line":47,"column":26},"end":{"line":47,"column":85}},"type":"binary-expr","locations":[{"start":{"line":47,"column":26},"end":{"line":47,"column":55}},{"start":{"line":47,"column":55},"end":{"line":47,"column":85}}],"line":47},"2":{"loc":{"start":{"line":53,"column":8},"end":{"line":55,"column":null}},"type":"if","locations":[{"start":{"line":53,"column":8},"end":{"line":55,"column":null}},{"start":{},"end":{}}],"line":53},"3":{"loc":{"start":{"line":53,"column":12},"end":{"line":53,"column":57}},"type":"binary-expr","locations":[{"start":{"line":53,"column":12},"end":{"line":53,"column":37}},{"start":{"line":53,"column":37},"end":{"line":53,"column":57}}],"line":53},"4":{"loc":{"start":{"line":57,"column":17},"end":{"line":57,"column":81}},"type":"cond-expr","locations":[{"start":{"line":57,"column":40},"end":{"line":57,"column":46}},{"start":{"line":57,"column":46},"end":{"line":57,"column":81}}],"line":57},"5":{"loc":{"start":{"line":69,"column":4},"end":{"line":72,"column":null}},"type":"if","locations":[{"start":{"line":69,"column":4},"end":{"line":72,"column":null}},{"start":{},"end":{}}],"line":69},"6":{"loc":{"start":{"line":76,"column":4},"end":{"line":79,"column":null}},"type":"if","locations":[{"start":{"line":76,"column":4},"end":{"line":79,"column":null}},{"start":{},"end":{}}],"line":76},"7":{"loc":{"start":{"line":77,"column":25},"end":{"line":77,"column":72}},"type":"binary-expr","locations":[{"start":{"line":77,"column":25},"end":{"line":77,"column":50}},{"start":{"line":77,"column":50},"end":{"line":77,"column":72}}],"line":77},"8":{"loc":{"start":{"line":81,"column":4},"end":{"line":84,"column":null}},"type":"if","locations":[{"start":{"line":81,"column":4},"end":{"line":84,"column":null}},{"start":{},"end":{}}],"line":81},"9":{"loc":{"start":{"line":90,"column":4},"end":{"line":93,"column":null}},"type":"if","locations":[{"start":{"line":90,"column":4},"end":{"line":93,"column":null}},{"start":{},"end":{}}],"line":90},"10":{"loc":{"start":{"line":97,"column":4},"end":{"line":100,"column":null}},"type":"if","locations":[{"start":{"line":97,"column":4},"end":{"line":100,"column":null}},{"start":{},"end":{}}],"line":97},"11":{"loc":{"start":{"line":98,"column":25},"end":{"line":98,"column":75}},"type":"binary-expr","locations":[{"start":{"line":98,"column":25},"end":{"line":98,"column":50}},{"start":{"line":98,"column":50},"end":{"line":98,"column":75}}],"line":98},"12":{"loc":{"start":{"line":102,"column":4},"end":{"line":104,"column":null}},"type":"if","locations":[{"start":{"line":102,"column":4},"end":{"line":104,"column":null}},{"start":{},"end":{}}],"line":102},"13":{"loc":{"start":{"line":103,"column":39},"end":{"line":103,"column":69}},"type":"cond-expr","locations":[{"start":{"line":103,"column":53},"end":{"line":103,"column":68}},{"start":{"line":103,"column":68},"end":{"line":103,"column":69}}],"line":103},"14":{"loc":{"start":{"line":108,"column":4},"end":{"line":111,"column":null}},"type":"if","locations":[{"start":{"line":108,"column":4},"end":{"line":111,"column":null}},{"start":{},"end":{}}],"line":108},"15":{"loc":{"start":{"line":115,"column":4},"end":{"line":118,"column":null}},"type":"if","locations":[{"start":{"line":115,"column":4},"end":{"line":118,"column":null}},{"start":{},"end":{}}],"line":115},"16":{"loc":{"start":{"line":116,"column":25},"end":{"line":116,"column":75}},"type":"binary-expr","locations":[{"start":{"line":116,"column":25},"end":{"line":116,"column":50}},{"start":{"line":116,"column":50},"end":{"line":116,"column":75}}],"line":116},"17":{"loc":{"start":{"line":130,"column":13},"end":{"line":130,"column":null}},"type":"binary-expr","locations":[{"start":{"line":130,"column":13},"end":{"line":130,"column":39}},{"start":{"line":130,"column":39},"end":{"line":130,"column":null}}],"line":130},"18":{"loc":{"start":{"line":141,"column":4},"end":{"line":143,"column":null}},"type":"if","locations":[{"start":{"line":141,"column":4},"end":{"line":143,"column":null}},{"start":{},"end":{}}],"line":141},"19":{"loc":{"start":{"line":147,"column":4},"end":{"line":149,"column":null}},"type":"if","locations":[{"start":{"line":147,"column":4},"end":{"line":149,"column":null}},{"start":{},"end":{}}],"line":147},"20":{"loc":{"start":{"line":147,"column":8},"end":{"line":147,"column":41}},"type":"binary-expr","locations":[{"start":{"line":147,"column":8},"end":{"line":147,"column":27}},{"start":{"line":147,"column":27},"end":{"line":147,"column":41}}],"line":147},"21":{"loc":{"start":{"line":148,"column":22},"end":{"line":148,"column":73}},"type":"binary-expr","locations":[{"start":{"line":148,"column":22},"end":{"line":148,"column":47}},{"start":{"line":148,"column":47},"end":{"line":148,"column":73}}],"line":148},"22":{"loc":{"start":{"line":155,"column":4},"end":{"line":158,"column":null}},"type":"if","locations":[{"start":{"line":155,"column":4},"end":{"line":158,"column":null}},{"start":{},"end":{}}],"line":155},"23":{"loc":{"start":{"line":162,"column":4},"end":{"line":165,"column":null}},"type":"if","locations":[{"start":{"line":162,"column":4},"end":{"line":165,"column":null}},{"start":{},"end":{}}],"line":162},"24":{"loc":{"start":{"line":163,"column":25},"end":{"line":163,"column":76}},"type":"binary-expr","locations":[{"start":{"line":163,"column":25},"end":{"line":163,"column":50}},{"start":{"line":163,"column":50},"end":{"line":163,"column":76}}],"line":163},"25":{"loc":{"start":{"line":167,"column":4},"end":{"line":169,"column":null}},"type":"if","locations":[{"start":{"line":167,"column":4},"end":{"line":169,"column":null}},{"start":{},"end":{}}],"line":167},"26":{"loc":{"start":{"line":173,"column":4},"end":{"line":176,"column":null}},"type":"if","locations":[{"start":{"line":173,"column":4},"end":{"line":176,"column":null}},{"start":{},"end":{}}],"line":173},"27":{"loc":{"start":{"line":180,"column":4},"end":{"line":183,"column":null}},"type":"if","locations":[{"start":{"line":180,"column":4},"end":{"line":183,"column":null}},{"start":{},"end":{}}],"line":180},"28":{"loc":{"start":{"line":181,"column":25},"end":{"line":181,"column":75}},"type":"binary-expr","locations":[{"start":{"line":181,"column":25},"end":{"line":181,"column":50}},{"start":{"line":181,"column":50},"end":{"line":181,"column":75}}],"line":181},"29":{"loc":{"start":{"line":193,"column":4},"end":{"line":195,"column":null}},"type":"if","locations":[{"start":{"line":193,"column":4},"end":{"line":195,"column":null}},{"start":{},"end":{}}],"line":193},"30":{"loc":{"start":{"line":199,"column":4},"end":{"line":201,"column":null}},"type":"if","locations":[{"start":{"line":199,"column":4},"end":{"line":201,"column":null}},{"start":{},"end":{}}],"line":199},"31":{"loc":{"start":{"line":199,"column":8},"end":{"line":199,"column":41}},"type":"binary-expr","locations":[{"start":{"line":199,"column":8},"end":{"line":199,"column":27}},{"start":{"line":199,"column":27},"end":{"line":199,"column":41}}],"line":199},"32":{"loc":{"start":{"line":210,"column":4},"end":{"line":213,"column":null}},"type":"if","locations":[{"start":{"line":210,"column":4},"end":{"line":213,"column":null}},{"start":{},"end":{}}],"line":210},"33":{"loc":{"start":{"line":218,"column":4},"end":{"line":221,"column":null}},"type":"if","locations":[{"start":{"line":218,"column":4},"end":{"line":221,"column":null}},{"start":{},"end":{}}],"line":218},"34":{"loc":{"start":{"line":218,"column":8},"end":{"line":218,"column":51}},"type":"binary-expr","locations":[{"start":{"line":218,"column":8},"end":{"line":218,"column":32}},{"start":{"line":218,"column":32},"end":{"line":218,"column":51}}],"line":218},"35":{"loc":{"start":{"line":219,"column":25},"end":{"line":219,"column":86}},"type":"binary-expr","locations":[{"start":{"line":219,"column":25},"end":{"line":219,"column":58}},{"start":{"line":219,"column":58},"end":{"line":219,"column":86}}],"line":219},"36":{"loc":{"start":{"line":226,"column":4},"end":{"line":229,"column":null}},"type":"if","locations":[{"start":{"line":226,"column":4},"end":{"line":229,"column":null}},{"start":{},"end":{}}],"line":226},"37":{"loc":{"start":{"line":234,"column":4},"end":{"line":237,"column":null}},"type":"if","locations":[{"start":{"line":234,"column":4},"end":{"line":237,"column":null}},{"start":{},"end":{}}],"line":234},"38":{"loc":{"start":{"line":235,"column":25},"end":{"line":235,"column":88}},"type":"binary-expr","locations":[{"start":{"line":235,"column":25},"end":{"line":235,"column":56}},{"start":{"line":235,"column":56},"end":{"line":235,"column":88}}],"line":235},"39":{"loc":{"start":{"line":239,"column":4},"end":{"line":241,"column":null}},"type":"if","locations":[{"start":{"line":239,"column":4},"end":{"line":241,"column":null}},{"start":{},"end":{}}],"line":239}},"s":{"0":91,"1":91,"2":91,"3":91,"4":91,"5":38,"6":38,"7":38,"8":38,"9":38,"10":0,"11":38,"12":38,"13":38,"14":38,"15":0,"16":38,"17":38,"18":91,"19":20,"20":0,"21":0,"22":20,"23":20,"24":1,"25":1,"26":19,"27":19,"28":19,"29":19,"30":0,"31":91,"32":3,"33":0,"34":0,"35":3,"36":3,"37":2,"38":2,"39":1,"40":1,"41":1,"42":1,"43":91,"44":2,"45":0,"46":0,"47":2,"48":2,"49":0,"50":0,"51":2,"52":2,"53":2,"54":91,"55":2,"56":6,"57":91,"58":1,"59":3,"60":3,"61":91,"62":1,"63":4,"64":2,"65":91,"66":1,"67":0,"68":1,"69":1,"70":0,"71":1,"72":91,"73":2,"74":0,"75":0,"76":2,"77":2,"78":1,"79":1,"80":1,"81":1,"82":1,"83":91,"84":2,"85":0,"86":0,"87":2,"88":2,"89":1,"90":1,"91":1,"92":91,"93":1,"94":91,"95":0,"96":0,"97":0,"98":0,"99":0,"100":0,"101":91,"102":0,"103":0,"104":0,"105":0,"106":0,"107":0,"108":0,"109":0,"110":0,"111":0,"112":0,"113":0,"114":0,"115":0,"116":0,"117":0,"118":0,"119":0,"120":0,"121":91},"f":{"0":91,"1":38,"2":38,"3":20,"4":19,"5":3,"6":1,"7":1,"8":2,"9":2,"10":2,"11":2,"12":6,"13":1,"14":3,"15":1,"16":4,"17":2,"18":1,"19":2,"20":1,"21":2,"22":1,"23":0,"24":0,"25":0},"b":{"0":[0,38],"1":[0,0],"2":[38,0],"3":[38,38],"4":[0,0],"5":[0,20],"6":[1,19],"7":[1,0],"8":[19,0],"9":[0,3],"10":[2,1],"11":[2,0],"12":[1,0],"13":[1,0],"14":[0,2],"15":[0,2],"16":[0,0],"17":[3,2],"18":[0,1],"19":[0,1],"20":[1,1],"21":[0,0],"22":[0,2],"23":[1,1],"24":[1,0],"25":[1,0],"26":[0,2],"27":[1,1],"28":[1,0],"29":[0,0],"30":[0,0],"31":[0,0],"32":[0,0],"33":[0,0],"34":[0,0],"35":[0,0],"36":[0,0],"37":[0,0],"38":[0,0],"39":[0,0]},"meta":{"lastBranch":40,"lastFunction":26,"lastStatement":122,"seen":{"f:33:16:33:47":0,"s:34:28:34:Infinity":0,"s:35:28:35:Infinity":1,"s:36:24:36:Infinity":2,"s:37:8:37:Infinity":3,"s:40:2:64:Infinity":4,"f:40:12:40:18":1,"s:41:24:61:Infinity":5,"f:41:24:41:36":2,"s:42:6:60:Infinity":6,"s:43:24:43:Infinity":7,"s:44:27:44:Infinity":8,"b:46:8:48:Infinity:undefined:undefined:undefined:undefined":0,"s:46:8:48:Infinity":9,"s:47:10:47:Infinity":10,"b:47:26:47:55:47:55:47:85":1,"s:50:8:50:Infinity":11,"s:52:30:52:Infinity":12,"b:53:8:55:Infinity:undefined:undefined:undefined:undefined":2,"s:53:8:55:Infinity":13,"b:53:12:53:37:53:37:53:57":3,"s:54:10:54:Infinity":14,"s:57:8:57:Infinity":15,"b:57:40:57:46:57:46:57:81":4,"s:59:8:59:Infinity":16,"s:63:4:63:Infinity":17,"s:66:8:87:Infinity":18,"f:66:32:66:Infinity":3,"b:69:4:72:Infinity:undefined:undefined:undefined:undefined":5,"s:69:4:72:Infinity":19,"s:70:6:70:Infinity":20,"s:71:6:71:Infinity":21,"s:74:19:74:Infinity":22,"b:76:4:79:Infinity:undefined:undefined:undefined:undefined":6,"s:76:4:79:Infinity":23,"s:77:6:77:Infinity":24,"b:77:25:77:50:77:50:77:72":7,"s:78:6:78:Infinity":25,"b:81:4:84:Infinity:undefined:undefined:undefined:undefined":8,"s:81:4:84:Infinity":26,"s:82:6:82:Infinity":27,"f:82:17:82:25":4,"s:82:25:82:48":28,"s:83:6:83:Infinity":29,"s:86:4:86:Infinity":30,"s:89:8:105:Infinity":31,"f:89:35:89:42":5,"b:90:4:93:Infinity:undefined:undefined:undefined:undefined":9,"s:90:4:93:Infinity":32,"s:91:6:91:Infinity":33,"s:92:6:92:Infinity":34,"s:95:19:95:Infinity":35,"b:97:4:100:Infinity:undefined:undefined:undefined:undefined":10,"s:97:4:100:Infinity":36,"s:98:6:98:Infinity":37,"b:98:25:98:50:98:50:98:75":11,"s:99:6:99:Infinity":38,"b:102:4:104:Infinity:undefined:undefined:undefined:undefined":12,"s:102:4:104:Infinity":39,"s:103:6:103:Infinity":40,"f:103:17:103:25":6,"s:103:25:103:70":41,"f:103:34:103:39":7,"s:103:39:103:69":42,"b:103:53:103:68:103:68:103:69":13,"s:107:8:121:Infinity":43,"f:107:35:107:42":8,"b:108:4:111:Infinity:undefined:undefined:undefined:undefined":14,"s:108:4:111:Infinity":44,"s:109:6:109:Infinity":45,"s:110:6:110:Infinity":46,"s:113:19:113:Infinity":47,"b:115:4:118:Infinity:undefined:undefined:undefined:undefined":15,"s:115:4:118:Infinity":48,"s:116:6:116:Infinity":49,"b:116:25:116:50:116:50:116:75":16,"s:117:6:117:Infinity":50,"s:120:4:120:Infinity":51,"f:120:15:120:23":9,"s:120:23:120:52":52,"f:120:35:120:40":10,"s:120:40:120:51":53,"s:123:8:125:Infinity":54,"f:123:43:123:44":11,"s:124:4:124:Infinity":55,"f:124:26:124:31":12,"s:124:31:124:54":56,"s:127:8:132:Infinity":57,"f:127:44:127:45":13,"s:128:4:131:Infinity":58,"f:128:26:128:31":14,"s:129:24:129:Infinity":59,"s:130:6:130:Infinity":60,"b:130:13:130:39:130:39:130:Infinity":17,"s:134:8:138:Infinity":61,"f:134:39:134:40":15,"s:135:4:137:Infinity":62,"f:136:14:136:19":16,"s:136:19:136:34":63,"f:137:12:137:13":17,"s:137:22:137:87":64,"s:140:8:152:Infinity":65,"f:140:36:140:65":18,"b:141:4:143:Infinity:undefined:undefined:undefined:undefined":18,"s:141:4:143:Infinity":66,"s:142:6:142:Infinity":67,"s:145:19:145:Infinity":68,"b:147:4:149:Infinity:undefined:undefined:undefined:undefined":19,"s:147:4:149:Infinity":69,"b:147:8:147:27:147:27:147:41":20,"s:148:6:148:Infinity":70,"b:148:22:148:47:148:47:148:73":21,"s:151:4:151:Infinity":71,"s:154:8:170:Infinity":72,"f:154:36:154:43":19,"b:155:4:158:Infinity:undefined:undefined:undefined:undefined":22,"s:155:4:158:Infinity":73,"s:156:6:156:Infinity":74,"s:157:6:157:Infinity":75,"s:160:19:160:Infinity":76,"b:162:4:165:Infinity:undefined:undefined:undefined:undefined":23,"s:162:4:165:Infinity":77,"s:163:6:163:Infinity":78,"b:163:25:163:50:163:50:163:76":24,"s:164:6:164:Infinity":79,"b:167:4:169:Infinity:undefined:undefined:undefined:undefined":25,"s:167:4:169:Infinity":80,"s:168:6:168:Infinity":81,"f:168:17:168:25":20,"s:168:25:168:51":82,"s:172:8:186:Infinity":83,"f:172:35:172:42":21,"b:173:4:176:Infinity:undefined:undefined:undefined:undefined":26,"s:173:4:176:Infinity":84,"s:174:6:174:Infinity":85,"s:175:6:175:Infinity":86,"s:178:19:178:Infinity":87,"b:180:4:183:Infinity:undefined:undefined:undefined:undefined":27,"s:180:4:183:Infinity":88,"s:181:6:181:Infinity":89,"b:181:25:181:50:181:50:181:75":28,"s:182:6:182:Infinity":90,"s:185:4:185:Infinity":91,"s:188:8:190:Infinity":92,"f:188:33:188:45":22,"s:189:4:189:Infinity":93,"s:192:8:204:Infinity":94,"f:192:36:192:83":23,"b:193:4:195:Infinity:undefined:undefined:undefined:undefined":29,"s:193:4:195:Infinity":95,"s:194:6:194:Infinity":96,"s:197:19:197:Infinity":97,"b:199:4:201:Infinity:undefined:undefined:undefined:undefined":30,"s:199:4:201:Infinity":98,"b:199:8:199:27:199:27:199:41":31,"s:200:6:200:Infinity":99,"s:203:4:203:Infinity":100,"s:206:8:244:Infinity":101,"f:206:38:206:Infinity":24,"b:210:4:213:Infinity:undefined:undefined:undefined:undefined":32,"s:210:4:213:Infinity":102,"s:211:6:211:Infinity":103,"s:212:6:212:Infinity":104,"s:216:10:216:Infinity":105,"b:218:4:221:Infinity:undefined:undefined:undefined:undefined":33,"s:218:4:221:Infinity":106,"b:218:8:218:32:218:32:218:51":34,"s:219:6:219:Infinity":107,"b:219:25:219:58:219:58:219:86":35,"s:220:6:220:Infinity":108,"s:224:10:224:Infinity":109,"b:226:4:229:Infinity:undefined:undefined:undefined:undefined":36,"s:226:4:229:Infinity":110,"s:227:6:227:Infinity":111,"s:228:6:228:Infinity":112,"s:232:25:232:Infinity":113,"b:234:4:237:Infinity:undefined:undefined:undefined:undefined":37,"s:234:4:237:Infinity":114,"s:235:6:235:Infinity":115,"b:235:25:235:56:235:56:235:88":38,"s:236:6:236:Infinity":116,"b:239:4:241:Infinity:undefined:undefined:undefined:undefined":39,"s:239:4:241:Infinity":117,"s:240:6:240:Infinity":118,"f:240:17:240:25":25,"s:240:25:240:57":119,"s:243:4:243:Infinity":120,"s:246:2:262:Infinity":121}}}
,"/Users/mac/Code/Tracker/src/hooks/useWhoopImport.ts": {"path":"/Users/mac/Code/Tracker/src/hooks/useWhoopImport.ts","statementMap":{"0":{"start":{"line":19,"column":22},"end":{"line":19,"column":null}},"1":{"start":{"line":20,"column":28},"end":{"line":20,"column":null}},"2":{"start":{"line":21,"column":24},"end":{"line":21,"column":null}},"3":{"start":{"line":22,"column":40},"end":{"line":22,"column":null}},"4":{"start":{"line":24,"column":52},"end":{"line":24,"column":null}},"5":{"start":{"line":27,"column":38},"end":{"line":27,"column":null}},"6":{"start":{"line":29,"column":8},"end":{"line":82,"column":null}},"7":{"start":{"line":30,"column":4},"end":{"line":30,"column":null}},"8":{"start":{"line":31,"column":4},"end":{"line":31,"column":null}},"9":{"start":{"line":33,"column":4},"end":{"line":81,"column":null}},"10":{"start":{"line":34,"column":19},"end":{"line":34,"column":null}},"11":{"start":{"line":35,"column":12},"end":{"line":35,"column":null}},"12":{"start":{"line":37,"column":6},"end":{"line":41,"column":null}},"13":{"start":{"line":38,"column":8},"end":{"line":38,"column":null}},"14":{"start":{"line":39,"column":8},"end":{"line":39,"column":null}},"15":{"start":{"line":40,"column":8},"end":{"line":40,"column":null}},"16":{"start":{"line":44,"column":12},"end":{"line":44,"column":null}},"17":{"start":{"line":47,"column":46},"end":{"line":61,"column":null}},"18":{"start":{"line":49,"column":25},"end":{"line":51,"column":null}},"19":{"start":{"line":50,"column":18},"end":{"line":50,"column":null}},"20":{"start":{"line":53,"column":8},"end":{"line":60,"column":null}},"21":{"start":{"line":63,"column":43},"end":{"line":73,"column":null}},"22":{"start":{"line":71,"column":71},"end":{"line":71,"column":86}},"23":{"start":{"line":75,"column":6},"end":{"line":75,"column":null}},"24":{"start":{"line":76,"column":6},"end":{"line":76,"column":null}},"25":{"start":{"line":77,"column":6},"end":{"line":77,"column":null}},"26":{"start":{"line":79,"column":6},"end":{"line":79,"column":null}},"27":{"start":{"line":80,"column":6},"end":{"line":80,"column":null}},"28":{"start":{"line":84,"column":8},"end":{"line":107,"column":null}},"29":{"start":{"line":85,"column":4},"end":{"line":89,"column":null}},"30":{"start":{"line":86,"column":6},"end":{"line":86,"column":null}},"31":{"start":{"line":87,"column":6},"end":{"line":87,"column":null}},"32":{"start":{"line":88,"column":6},"end":{"line":88,"column":null}},"33":{"start":{"line":91,"column":4},"end":{"line":91,"column":null}},"34":{"start":{"line":93,"column":4},"end":{"line":106,"column":null}},"35":{"start":{"line":94,"column":21},"end":{"line":94,"column":null}},"36":{"start":{"line":96,"column":6},"end":{"line":102,"column":null}},"37":{"start":{"line":97,"column":8},"end":{"line":97,"column":null}},"38":{"start":{"line":98,"column":8},"end":{"line":98,"column":null}},"39":{"start":{"line":100,"column":8},"end":{"line":100,"column":null}},"40":{"start":{"line":101,"column":8},"end":{"line":101,"column":null}},"41":{"start":{"line":104,"column":6},"end":{"line":104,"column":null}},"42":{"start":{"line":105,"column":6},"end":{"line":105,"column":null}},"43":{"start":{"line":109,"column":8},"end":{"line":115,"column":null}},"44":{"start":{"line":110,"column":4},"end":{"line":110,"column":null}},"45":{"start":{"line":111,"column":4},"end":{"line":111,"column":null}},"46":{"start":{"line":112,"column":4},"end":{"line":112,"column":null}},"47":{"start":{"line":113,"column":4},"end":{"line":113,"column":null}},"48":{"start":{"line":114,"column":4},"end":{"line":114,"column":null}},"49":{"start":{"line":117,"column":2},"end":{"line":125,"column":null}}},"fnMap":{"0":{"name":"useWhoopImport","decl":{"start":{"line":18,"column":16},"end":{"line":18,"column":55}},"loc":{"start":{"line":18,"column":55},"end":{"line":126,"column":null}},"line":18},"1":{"name":"(anonymous_1)","decl":{"start":{"line":29,"column":33},"end":{"line":29,"column":40}},"loc":{"start":{"line":29,"column":55},"end":{"line":82,"column":5}},"line":29},"2":{"name":"(anonymous_2)","decl":{"start":{"line":47,"column":68},"end":{"line":47,"column":69}},"loc":{"start":{"line":47,"column":75},"end":{"line":61,"column":7}},"line":47},"3":{"name":"(anonymous_3)","decl":{"start":{"line":50,"column":10},"end":{"line":50,"column":11}},"loc":{"start":{"line":50,"column":18},"end":{"line":50,"column":null}},"line":50},"4":{"name":"(anonymous_4)","decl":{"start":{"line":71,"column":64},"end":{"line":71,"column":65}},"loc":{"start":{"line":71,"column":71},"end":{"line":71,"column":86}},"line":71},"5":{"name":"(anonymous_5)","decl":{"start":{"line":84,"column":36},"end":{"line":84,"column":48}},"loc":{"start":{"line":84,"column":48},"end":{"line":107,"column":5}},"line":84},"6":{"name":"(anonymous_6)","decl":{"start":{"line":109,"column":28},"end":{"line":109,"column":34}},"loc":{"start":{"line":109,"column":34},"end":{"line":115,"column":5}},"line":109}},"branchMap":{"0":{"loc":{"start":{"line":37,"column":6},"end":{"line":41,"column":null}},"type":"if","locations":[{"start":{"line":37,"column":6},"end":{"line":41,"column":null}},{"start":{},"end":{}}],"line":37},"1":{"loc":{"start":{"line":37,"column":10},"end":{"line":37,"column":53}},"type":"binary-expr","locations":[{"start":{"line":37,"column":10},"end":{"line":37,"column":34}},{"start":{"line":37,"column":34},"end":{"line":37,"column":53}}],"line":37},"2":{"loc":{"start":{"line":38,"column":17},"end":{"line":38,"column":78}},"type":"binary-expr","locations":[{"start":{"line":38,"column":17},"end":{"line":38,"column":50}},{"start":{"line":38,"column":50},"end":{"line":38,"column":78}}],"line":38},"3":{"loc":{"start":{"line":50,"column":18},"end":{"line":50,"column":null}},"type":"binary-expr","locations":[{"start":{"line":50,"column":18},"end":{"line":50,"column":40}},{"start":{"line":50,"column":40},"end":{"line":50,"column":null}}],"line":50},"4":{"loc":{"start":{"line":67,"column":17},"end":{"line":67,"column":null}},"type":"binary-expr","locations":[{"start":{"line":67,"column":17},"end":{"line":67,"column":56}},{"start":{"line":67,"column":56},"end":{"line":67,"column":null}}],"line":67},"5":{"loc":{"start":{"line":68,"column":15},"end":{"line":68,"column":null}},"type":"binary-expr","locations":[{"start":{"line":68,"column":15},"end":{"line":68,"column":52}},{"start":{"line":68,"column":52},"end":{"line":68,"column":null}}],"line":68},"6":{"loc":{"start":{"line":71,"column":18},"end":{"line":71,"column":null}},"type":"binary-expr","locations":[{"start":{"line":71,"column":18},"end":{"line":71,"column":42}},{"start":{"line":71,"column":42},"end":{"line":71,"column":null}}],"line":71},"7":{"loc":{"start":{"line":79,"column":15},"end":{"line":79,"column":73}},"type":"cond-expr","locations":[{"start":{"line":79,"column":38},"end":{"line":79,"column":52}},{"start":{"line":79,"column":52},"end":{"line":79,"column":73}}],"line":79},"8":{"loc":{"start":{"line":85,"column":4},"end":{"line":89,"column":null}},"type":"if","locations":[{"start":{"line":85,"column":4},"end":{"line":89,"column":null}},{"start":{},"end":{}}],"line":85},"9":{"loc":{"start":{"line":96,"column":6},"end":{"line":102,"column":null}},"type":"if","locations":[{"start":{"line":96,"column":6},"end":{"line":102,"column":null}},{"start":{"line":99,"column":13},"end":{"line":102,"column":null}}],"line":96},"10":{"loc":{"start":{"line":104,"column":15},"end":{"line":104,"column":67}},"type":"cond-expr","locations":[{"start":{"line":104,"column":38},"end":{"line":104,"column":52}},{"start":{"line":104,"column":52},"end":{"line":104,"column":67}}],"line":104}},"s":{"0":16,"1":16,"2":16,"3":16,"4":16,"5":16,"6":16,"7":4,"8":4,"9":4,"10":4,"11":4,"12":4,"13":1,"14":1,"15":1,"16":3,"17":3,"18":15,"19":0,"20":15,"21":3,"22":0,"23":4,"24":4,"25":4,"26":0,"27":0,"28":16,"29":0,"30":0,"31":0,"32":0,"33":0,"34":0,"35":0,"36":0,"37":0,"38":0,"39":0,"40":0,"41":0,"42":0,"43":16,"44":2,"45":2,"46":2,"47":2,"48":2,"49":16},"f":{"0":16,"1":4,"2":15,"3":0,"4":0,"5":0,"6":2},"b":{"0":[1,3],"1":[4,3],"2":[1,0],"3":[0,0],"4":[3,0],"5":[4,0],"6":[4,0],"7":[0,0],"8":[0,0],"9":[0,0],"10":[0,0]},"meta":{"lastBranch":11,"lastFunction":7,"lastStatement":50,"seen":{"f:18:16:18:55":0,"s:19:22:19:Infinity":0,"s:20:28:20:Infinity":1,"s:21:24:21:Infinity":2,"s:22:40:22:Infinity":3,"s:24:52:24:Infinity":4,"s:27:38:27:Infinity":5,"s:29:8:82:Infinity":6,"f:29:33:29:40":1,"s:30:4:30:Infinity":7,"s:31:4:31:Infinity":8,"s:33:4:81:Infinity":9,"s:34:19:34:Infinity":10,"s:35:12:35:Infinity":11,"b:37:6:41:Infinity:undefined:undefined:undefined:undefined":0,"s:37:6:41:Infinity":12,"b:37:10:37:34:37:34:37:53":1,"s:38:8:38:Infinity":13,"b:38:17:38:50:38:50:38:78":2,"s:39:8:39:Infinity":14,"s:40:8:40:Infinity":15,"s:44:12:44:Infinity":16,"s:47:46:61:Infinity":17,"f:47:68:47:69":2,"s:49:25:51:Infinity":18,"f:50:10:50:11":3,"s:50:18:50:Infinity":19,"b:50:18:50:40:50:40:50:Infinity":3,"s:53:8:60:Infinity":20,"s:63:43:73:Infinity":21,"b:67:17:67:56:67:56:67:Infinity":4,"b:68:15:68:52:68:52:68:Infinity":5,"b:71:18:71:42:71:42:71:Infinity":6,"f:71:64:71:65":4,"s:71:71:71:86":22,"s:75:6:75:Infinity":23,"s:76:6:76:Infinity":24,"s:77:6:77:Infinity":25,"s:79:6:79:Infinity":26,"b:79:38:79:52:79:52:79:73":7,"s:80:6:80:Infinity":27,"s:84:8:107:Infinity":28,"f:84:36:84:48":5,"b:85:4:89:Infinity:undefined:undefined:undefined:undefined":8,"s:85:4:89:Infinity":29,"s:86:6:86:Infinity":30,"s:87:6:87:Infinity":31,"s:88:6:88:Infinity":32,"s:91:4:91:Infinity":33,"s:93:4:106:Infinity":34,"s:94:21:94:Infinity":35,"b:96:6:102:Infinity:99:13:102:Infinity":9,"s:96:6:102:Infinity":36,"s:97:8:97:Infinity":37,"s:98:8:98:Infinity":38,"s:100:8:100:Infinity":39,"s:101:8:101:Infinity":40,"s:104:6:104:Infinity":41,"b:104:38:104:52:104:52:104:67":10,"s:105:6:105:Infinity":42,"s:109:8:115:Infinity":43,"f:109:28:109:34":6,"s:110:4:110:Infinity":44,"s:111:4:111:Infinity":45,"s:112:4:112:Infinity":46,"s:113:4:113:Infinity":47,"s:114:4:114:Infinity":48,"s:117:2:125:Infinity":49}}}
,"/Users/mac/Code/Tracker/src/lib/calculations/aggregate.ts": {"path":"/Users/mac/Code/Tracker/src/lib/calculations/aggregate.ts","statementMap":{"0":{"start":{"line":16,"column":48},"end":{"line":26,"column":null}},"1":{"start":{"line":32,"column":64},"end":{"line":38,"column":null}},"2":{"start":{"line":47,"column":2},"end":{"line":49,"column":null}},"3":{"start":{"line":48,"column":4},"end":{"line":48,"column":null}},"4":{"start":{"line":51,"column":24},"end":{"line":51,"column":null}},"5":{"start":{"line":51,"column":66},"end":{"line":51,"column":76}},"6":{"start":{"line":53,"column":2},"end":{"line":55,"column":null}},"7":{"start":{"line":54,"column":4},"end":{"line":54,"column":null}},"8":{"start":{"line":58,"column":2},"end":{"line":60,"column":null}},"9":{"start":{"line":59,"column":4},"end":{"line":59,"column":null}},"10":{"start":{"line":71,"column":18},"end":{"line":73,"column":null}},"11":{"start":{"line":72,"column":19},"end":{"line":72,"column":41}},"12":{"start":{"line":73,"column":20},"end":{"line":73,"column":85}},"13":{"start":{"line":76,"column":27},"end":{"line":82,"column":null}},"14":{"start":{"line":85,"column":8},"end":{"line":88,"column":null}},"15":{"start":{"line":91,"column":37},"end":{"line":91,"column":null}},"16":{"start":{"line":92,"column":2},"end":{"line":97,"column":null}},"17":{"start":{"line":93,"column":18},"end":{"line":93,"column":null}},"18":{"start":{"line":94,"column":17},"end":{"line":94,"column":null}},"19":{"start":{"line":95,"column":10},"end":{"line":95,"column":null}},"20":{"start":{"line":96,"column":4},"end":{"line":96,"column":null}},"21":{"start":{"line":100,"column":27},"end":{"line":103,"column":null}},"22":{"start":{"line":100,"column":47},"end":{"line":103,"column":4}},"23":{"start":{"line":105,"column":2},"end":{"line":111,"column":null}},"24":{"start":{"line":119,"column":21},"end":{"line":119,"column":null}},"25":{"start":{"line":121,"column":2},"end":{"line":124,"column":null}},"26":{"start":{"line":122,"column":21},"end":{"line":122,"column":null}},"27":{"start":{"line":123,"column":4},"end":{"line":123,"column":null}},"28":{"start":{"line":127,"column":2},"end":{"line":158,"column":null}},"29":{"start":{"line":128,"column":28},"end":{"line":128,"column":null}},"30":{"start":{"line":129,"column":17},"end":{"line":129,"column":null}},"31":{"start":{"line":132,"column":26},"end":{"line":132,"column":null}},"32":{"start":{"line":135,"column":28},"end":{"line":135,"column":null}},"33":{"start":{"line":135,"column":53},"end":{"line":135,"column":77}},"34":{"start":{"line":138,"column":21},"end":{"line":138,"column":null}},"35":{"start":{"line":138,"column":48},"end":{"line":138,"column":66}},"36":{"start":{"line":139,"column":26},"end":{"line":139,"column":null}},"37":{"start":{"line":143,"column":6},"end":{"line":148,"column":null}},"38":{"start":{"line":145,"column":26},"end":{"line":145,"column":null}},"39":{"start":{"line":146,"column":12},"end":{"line":146,"column":null}},"40":{"start":{"line":150,"column":4},"end":{"line":157,"column":null}},"41":{"start":{"line":165,"column":17},"end":{"line":165,"column":null}},"42":{"start":{"line":168,"column":17},"end":{"line":170,"column":null}},"43":{"start":{"line":169,"column":14},"end":{"line":169,"column":null}},"44":{"start":{"line":172,"column":2},"end":{"line":176,"column":null}},"45":{"start":{"line":173,"column":4},"end":{"line":175,"column":null}},"46":{"start":{"line":174,"column":6},"end":{"line":174,"column":null}},"47":{"start":{"line":178,"column":2},"end":{"line":178,"column":null}},"48":{"start":{"line":188,"column":23},"end":{"line":188,"column":null}},"49":{"start":{"line":189,"column":2},"end":{"line":196,"column":null}},"50":{"start":{"line":189,"column":34},"end":{"line":189,"column":57}}},"fnMap":{"0":{"name":"determineOverallStatus","decl":{"start":{"line":44,"column":16},"end":{"line":44,"column":null}},"loc":{"start":{"line":46,"column":26},"end":{"line":61,"column":null}},"line":46},"1":{"name":"(anonymous_1)","decl":{"start":{"line":51,"column":40},"end":{"line":51,"column":41}},"loc":{"start":{"line":51,"column":66},"end":{"line":51,"column":76}},"line":51},"2":{"name":"(anonymous_2)","decl":{"start":{"line":58,"column":30},"end":{"line":58,"column":31}},"loc":{"start":{"line":58,"column":50},"end":{"line":60,"column":5}},"line":58},"3":{"name":"enrichMetric","decl":{"start":{"line":66,"column":16},"end":{"line":66,"column":null}},"loc":{"start":{"line":69,"column":26},"end":{"line":112,"column":null}},"line":69},"4":{"name":"(anonymous_4)","decl":{"start":{"line":72,"column":12},"end":{"line":72,"column":13}},"loc":{"start":{"line":72,"column":19},"end":{"line":72,"column":41}},"line":72},"5":{"name":"(anonymous_5)","decl":{"start":{"line":73,"column":10},"end":{"line":73,"column":11}},"loc":{"start":{"line":73,"column":20},"end":{"line":73,"column":85}},"line":73},"6":{"name":"(anonymous_6)","decl":{"start":{"line":100,"column":39},"end":{"line":100,"column":40}},"loc":{"start":{"line":100,"column":47},"end":{"line":103,"column":4}},"line":100},"7":{"name":"aggregateByCategory","decl":{"start":{"line":117,"column":16},"end":{"line":117,"column":36}},"loc":{"start":{"line":117,"column":74},"end":{"line":159,"column":null}},"line":117},"8":{"name":"(anonymous_8)","decl":{"start":{"line":127,"column":28},"end":{"line":127,"column":29}},"loc":{"start":{"line":127,"column":42},"end":{"line":158,"column":3}},"line":127},"9":{"name":"(anonymous_9)","decl":{"start":{"line":135,"column":46},"end":{"line":135,"column":47}},"loc":{"start":{"line":135,"column":53},"end":{"line":135,"column":77}},"line":135},"10":{"name":"(anonymous_10)","decl":{"start":{"line":138,"column":41},"end":{"line":138,"column":42}},"loc":{"start":{"line":138,"column":48},"end":{"line":138,"column":66}},"line":138},"11":{"name":"(anonymous_11)","decl":{"start":{"line":144,"column":33},"end":{"line":144,"column":34}},"loc":{"start":{"line":144,"column":48},"end":{"line":147,"column":13}},"line":144},"12":{"name":"getUniqueMetrics","decl":{"start":{"line":164,"column":9},"end":{"line":164,"column":26}},"loc":{"start":{"line":164,"column":55},"end":{"line":179,"column":null}},"line":164},"13":{"name":"(anonymous_13)","decl":{"start":{"line":169,"column":4},"end":{"line":169,"column":5}},"loc":{"start":{"line":169,"column":14},"end":{"line":169,"column":null}},"line":169},"14":{"name":"getCategorySummary","decl":{"start":{"line":184,"column":16},"end":{"line":184,"column":null}},"loc":{"start":{"line":187,"column":19},"end":{"line":197,"column":null}},"line":187},"15":{"name":"(anonymous_15)","decl":{"start":{"line":189,"column":27},"end":{"line":189,"column":28}},"loc":{"start":{"line":189,"column":34},"end":{"line":189,"column":57}},"line":189}},"branchMap":{"0":{"loc":{"start":{"line":47,"column":2},"end":{"line":49,"column":null}},"type":"if","locations":[{"start":{"line":47,"column":2},"end":{"line":49,"column":null}},{"start":{},"end":{}}],"line":47},"1":{"loc":{"start":{"line":53,"column":2},"end":{"line":55,"column":null}},"type":"if","locations":[{"start":{"line":53,"column":2},"end":{"line":55,"column":null}},{"start":{},"end":{}}],"line":53},"2":{"loc":{"start":{"line":59,"column":11},"end":{"line":59,"column":null}},"type":"cond-expr","locations":[{"start":{"line":59,"column":63},"end":{"line":59,"column":73}},{"start":{"line":59,"column":73},"end":{"line":59,"column":null}}],"line":59},"3":{"loc":{"start":{"line":76,"column":27},"end":{"line":82,"column":null}},"type":"cond-expr","locations":[{"start":{"line":76,"column":34},"end":{"line":81,"column":null}},{"start":{"line":82,"column":6},"end":{"line":82,"column":null}}],"line":76},"4":{"loc":{"start":{"line":92,"column":2},"end":{"line":97,"column":null}},"type":"if","locations":[{"start":{"line":92,"column":2},"end":{"line":97,"column":null}},{"start":{},"end":{}}],"line":92},"5":{"loc":{"start":{"line":96,"column":20},"end":{"line":96,"column":null}},"type":"cond-expr","locations":[{"start":{"line":96,"column":46},"end":{"line":96,"column":55}},{"start":{"line":96,"column":55},"end":{"line":96,"column":null}}],"line":96},"6":{"loc":{"start":{"line":122,"column":21},"end":{"line":122,"column":null}},"type":"binary-expr","locations":[{"start":{"line":122,"column":21},"end":{"line":122,"column":56}},{"start":{"line":122,"column":56},"end":{"line":122,"column":null}}],"line":122},"7":{"loc":{"start":{"line":128,"column":28},"end":{"line":128,"column":null}},"type":"binary-expr","locations":[{"start":{"line":128,"column":28},"end":{"line":128,"column":56}},{"start":{"line":128,"column":56},"end":{"line":128,"column":null}}],"line":128},"8":{"loc":{"start":{"line":143,"column":6},"end":{"line":148,"column":null}},"type":"cond-expr","locations":[{"start":{"line":144,"column":10},"end":{"line":147,"column":null}},{"start":{"line":148,"column":10},"end":{"line":148,"column":null}}],"line":143},"9":{"loc":{"start":{"line":146,"column":19},"end":{"line":146,"column":null}},"type":"cond-expr","locations":[{"start":{"line":146,"column":46},"end":{"line":146,"column":60}},{"start":{"line":146,"column":60},"end":{"line":146,"column":null}}],"line":146},"10":{"loc":{"start":{"line":173,"column":4},"end":{"line":175,"column":null}},"type":"if","locations":[{"start":{"line":173,"column":4},"end":{"line":175,"column":null}},{"start":{},"end":{}}],"line":173},"11":{"loc":{"start":{"line":189,"column":9},"end":{"line":196,"column":null}},"type":"binary-expr","locations":[{"start":{"line":189,"column":9},"end":{"line":189,"column":62}},{"start":{"line":189,"column":62},"end":{"line":196,"column":null}}],"line":189}},"s":{"0":2,"1":2,"2":250,"3":191,"4":59,"5":93,"6":59,"7":1,"8":58,"9":91,"10":83,"11":482,"12":4,"13":83,"14":83,"15":83,"16":83,"17":3,"18":3,"19":3,"20":3,"21":83,"22":87,"23":83,"24":27,"25":27,"26":80,"27":80,"28":27,"29":243,"30":243,"31":243,"32":243,"33":79,"34":243,"35":79,"36":243,"37":243,"38":80,"39":80,"40":243,"41":243,"42":243,"43":27,"44":243,"45":80,"46":79,"47":243,"48":8,"49":8,"50":26},"f":{"0":250,"1":93,"2":91,"3":83,"4":482,"5":4,"6":87,"7":27,"8":243,"9":79,"10":79,"11":80,"12":243,"13":27,"14":8,"15":26},"b":{"0":[191,59],"1":[1,58],"2":[3,88],"3":[82,1],"4":[3,80],"5":[3,0],"6":[80,53],"7":[243,190],"8":[53,190],"9":[1,79],"10":[79,1],"11":[8,0]},"meta":{"lastBranch":12,"lastFunction":16,"lastStatement":51,"seen":{"s:16:48:26:Infinity":0,"s:32:64:38:Infinity":1,"f:44:16:44:Infinity":0,"b:47:2:49:Infinity:undefined:undefined:undefined:undefined":0,"s:47:2:49:Infinity":2,"s:48:4:48:Infinity":3,"s:51:24:51:Infinity":4,"f:51:40:51:41":1,"s:51:66:51:76":5,"b:53:2:55:Infinity:undefined:undefined:undefined:undefined":1,"s:53:2:55:Infinity":6,"s:54:4:54:Infinity":7,"s:58:2:60:Infinity":8,"f:58:30:58:31":2,"s:59:4:59:Infinity":9,"b:59:63:59:73:59:73:59:Infinity":2,"f:66:16:66:Infinity":3,"s:71:18:73:Infinity":10,"f:72:12:72:13":4,"s:72:19:72:41":11,"f:73:10:73:11":5,"s:73:20:73:85":12,"s:76:27:82:Infinity":13,"b:76:34:81:Infinity:82:6:82:Infinity":3,"s:85:8:88:Infinity":14,"s:91:37:91:Infinity":15,"b:92:2:97:Infinity:undefined:undefined:undefined:undefined":4,"s:92:2:97:Infinity":16,"s:93:18:93:Infinity":17,"s:94:17:94:Infinity":18,"s:95:10:95:Infinity":19,"s:96:4:96:Infinity":20,"b:96:46:96:55:96:55:96:Infinity":5,"s:100:27:103:Infinity":21,"f:100:39:100:40":6,"s:100:47:103:4":22,"s:105:2:111:Infinity":23,"f:117:16:117:36":7,"s:119:21:119:Infinity":24,"s:121:2:124:Infinity":25,"s:122:21:122:Infinity":26,"b:122:21:122:56:122:56:122:Infinity":6,"s:123:4:123:Infinity":27,"s:127:2:158:Infinity":28,"f:127:28:127:29":8,"s:128:28:128:Infinity":29,"b:128:28:128:56:128:56:128:Infinity":7,"s:129:17:129:Infinity":30,"s:132:26:132:Infinity":31,"s:135:28:135:Infinity":32,"f:135:46:135:47":9,"s:135:53:135:77":33,"s:138:21:138:Infinity":34,"f:138:41:138:42":10,"s:138:48:138:66":35,"s:139:26:139:Infinity":36,"s:143:6:148:Infinity":37,"b:144:10:147:Infinity:148:10:148:Infinity":8,"f:144:33:144:34":11,"s:145:26:145:Infinity":38,"s:146:12:146:Infinity":39,"b:146:46:146:60:146:60:146:Infinity":9,"s:150:4:157:Infinity":40,"f:164:9:164:26":12,"s:165:17:165:Infinity":41,"s:168:17:170:Infinity":42,"f:169:4:169:5":13,"s:169:14:169:Infinity":43,"s:172:2:176:Infinity":44,"b:173:4:175:Infinity:undefined:undefined:undefined:undefined":10,"s:173:4:175:Infinity":45,"s:174:6:174:Infinity":46,"s:178:2:178:Infinity":47,"f:184:16:184:Infinity":14,"s:188:23:188:Infinity":48,"s:189:2:196:Infinity":49,"b:189:9:189:62:189:62:196:Infinity":11,"f:189:27:189:28":15,"s:189:34:189:57":50}}}
,"/Users/mac/Code/Tracker/src/lib/calculations/statistics.ts": {"path":"/Users/mac/Code/Tracker/src/lib/calculations/statistics.ts","statementMap":{"0":{"start":{"line":17,"column":2},"end":{"line":17,"column":null}},"1":{"start":{"line":28,"column":20},"end":{"line":28,"column":null}},"2":{"start":{"line":30,"column":2},"end":{"line":32,"column":null}},"3":{"start":{"line":31,"column":4},"end":{"line":31,"column":null}},"4":{"start":{"line":34,"column":2},"end":{"line":34,"column":null}},"5":{"start":{"line":41,"column":2},"end":{"line":41,"column":null}},"6":{"start":{"line":41,"column":27},"end":{"line":41,"column":null}},"7":{"start":{"line":42,"column":2},"end":{"line":42,"column":null}},"8":{"start":{"line":42,"column":37},"end":{"line":42,"column":48}},"9":{"start":{"line":49,"column":2},"end":{"line":49,"column":null}},"10":{"start":{"line":49,"column":25},"end":{"line":49,"column":null}},"11":{"start":{"line":51,"column":14},"end":{"line":51,"column":null}},"12":{"start":{"line":52,"column":23},"end":{"line":52,"column":null}},"13":{"start":{"line":52,"column":43},"end":{"line":52,"column":67}},"14":{"start":{"line":53,"column":25},"end":{"line":53,"column":null}},"15":{"start":{"line":55,"column":2},"end":{"line":55,"column":null}},"16":{"start":{"line":66,"column":2},"end":{"line":68,"column":null}},"17":{"start":{"line":67,"column":4},"end":{"line":67,"column":null}},"18":{"start":{"line":70,"column":17},"end":{"line":70,"column":null}},"19":{"start":{"line":70,"column":34},"end":{"line":70,"column":41}},"20":{"start":{"line":71,"column":14},"end":{"line":71,"column":null}},"21":{"start":{"line":72,"column":17},"end":{"line":72,"column":null}},"22":{"start":{"line":74,"column":2},"end":{"line":76,"column":null}},"23":{"start":{"line":75,"column":4},"end":{"line":75,"column":null}},"24":{"start":{"line":78,"column":2},"end":{"line":81,"column":null}},"25":{"start":{"line":79,"column":19},"end":{"line":79,"column":null}},"26":{"start":{"line":80,"column":4},"end":{"line":80,"column":null}},"27":{"start":{"line":92,"column":16},"end":{"line":92,"column":null}},"28":{"start":{"line":93,"column":16},"end":{"line":93,"column":null}},"29":{"start":{"line":95,"column":8},"end":{"line":95,"column":null}},"30":{"start":{"line":97,"column":2},"end":{"line":99,"column":null}},"31":{"start":{"line":98,"column":4},"end":{"line":98,"column":null}},"32":{"start":{"line":101,"column":20},"end":{"line":101,"column":null}},"33":{"start":{"line":102,"column":2},"end":{"line":102,"column":null}}},"fnMap":{"0":{"name":"calculateSignificance","decl":{"start":{"line":15,"column":16},"end":{"line":15,"column":38}},"loc":{"start":{"line":15,"column":65},"end":{"line":18,"column":null}},"line":15},"1":{"name":"normalizeValue","decl":{"start":{"line":27,"column":16},"end":{"line":27,"column":31}},"loc":{"start":{"line":27,"column":74},"end":{"line":35,"column":null}},"line":27},"2":{"name":"mean","decl":{"start":{"line":40,"column":9},"end":{"line":40,"column":14}},"loc":{"start":{"line":40,"column":40},"end":{"line":43,"column":null}},"line":40},"3":{"name":"(anonymous_3)","decl":{"start":{"line":42,"column":23},"end":{"line":42,"column":24}},"loc":{"start":{"line":42,"column":37},"end":{"line":42,"column":48}},"line":42},"4":{"name":"standardDeviation","decl":{"start":{"line":48,"column":9},"end":{"line":48,"column":27}},"loc":{"start":{"line":48,"column":53},"end":{"line":56,"column":null}},"line":48},"5":{"name":"(anonymous_5)","decl":{"start":{"line":52,"column":34},"end":{"line":52,"column":43}},"loc":{"start":{"line":52,"column":43},"end":{"line":52,"column":67}},"line":52},"6":{"name":"detectOutliers","decl":{"start":{"line":65,"column":16},"end":{"line":65,"column":31}},"loc":{"start":{"line":65,"column":83},"end":{"line":82,"column":null}},"line":65},"7":{"name":"(anonymous_7)","decl":{"start":{"line":70,"column":29},"end":{"line":70,"column":34}},"loc":{"start":{"line":70,"column":34},"end":{"line":70,"column":41}},"line":70},"8":{"name":"(anonymous_8)","decl":{"start":{"line":78,"column":24},"end":{"line":78,"column":34}},"loc":{"start":{"line":78,"column":34},"end":{"line":81,"column":3}},"line":78},"9":{"name":"calculateRateOfChange","decl":{"start":{"line":91,"column":16},"end":{"line":91,"column":38}},"loc":{"start":{"line":91,"column":80},"end":{"line":103,"column":null}},"line":91}},"branchMap":{"0":{"loc":{"start":{"line":30,"column":2},"end":{"line":32,"column":null}},"type":"if","locations":[{"start":{"line":30,"column":2},"end":{"line":32,"column":null}},{"start":{},"end":{}}],"line":30},"1":{"loc":{"start":{"line":41,"column":2},"end":{"line":41,"column":null}},"type":"if","locations":[{"start":{"line":41,"column":2},"end":{"line":41,"column":null}},{"start":{},"end":{}}],"line":41},"2":{"loc":{"start":{"line":49,"column":2},"end":{"line":49,"column":null}},"type":"if","locations":[{"start":{"line":49,"column":2},"end":{"line":49,"column":null}},{"start":{},"end":{}}],"line":49},"3":{"loc":{"start":{"line":65,"column":50},"end":{"line":65,"column":83}},"type":"default-arg","locations":[{"start":{"line":65,"column":70},"end":{"line":65,"column":83}}],"line":65},"4":{"loc":{"start":{"line":66,"column":2},"end":{"line":68,"column":null}},"type":"if","locations":[{"start":{"line":66,"column":2},"end":{"line":68,"column":null}},{"start":{},"end":{}}],"line":66},"5":{"loc":{"start":{"line":74,"column":2},"end":{"line":76,"column":null}},"type":"if","locations":[{"start":{"line":74,"column":2},"end":{"line":76,"column":null}},{"start":{},"end":{}}],"line":74},"6":{"loc":{"start":{"line":97,"column":2},"end":{"line":99,"column":null}},"type":"if","locations":[{"start":{"line":97,"column":2},"end":{"line":99,"column":null}},{"start":{},"end":{}}],"line":97},"7":{"loc":{"start":{"line":98,"column":11},"end":{"line":98,"column":null}},"type":"cond-expr","locations":[{"start":{"line":98,"column":45},"end":{"line":98,"column":49}},{"start":{"line":98,"column":49},"end":{"line":98,"column":null}}],"line":98}},"s":{"0":6,"1":7,"2":7,"3":0,"4":7,"5":12,"6":0,"7":12,"8":57,"9":4,"10":0,"11":4,"12":4,"13":19,"14":4,"15":4,"16":5,"17":1,"18":4,"19":19,"20":4,"21":4,"22":4,"23":0,"24":4,"25":19,"26":19,"27":5,"28":5,"29":5,"30":5,"31":1,"32":4,"33":4},"f":{"0":6,"1":7,"2":12,"3":57,"4":4,"5":19,"6":5,"7":19,"8":19,"9":5},"b":{"0":[0,7],"1":[0,12],"2":[0,4],"3":[5],"4":[1,4],"5":[0,4],"6":[1,4],"7":[0,1]},"meta":{"lastBranch":8,"lastFunction":10,"lastStatement":34,"seen":{"f:15:16:15:38":0,"s:17:2:17:Infinity":0,"f:27:16:27:31":1,"s:28:20:28:Infinity":1,"b:30:2:32:Infinity:undefined:undefined:undefined:undefined":0,"s:30:2:32:Infinity":2,"s:31:4:31:Infinity":3,"s:34:2:34:Infinity":4,"f:40:9:40:14":2,"b:41:2:41:Infinity:undefined:undefined:undefined:undefined":1,"s:41:2:41:Infinity":5,"s:41:27:41:Infinity":6,"s:42:2:42:Infinity":7,"f:42:23:42:24":3,"s:42:37:42:48":8,"f:48:9:48:27":4,"b:49:2:49:Infinity:undefined:undefined:undefined:undefined":2,"s:49:2:49:Infinity":9,"s:49:25:49:Infinity":10,"s:51:14:51:Infinity":11,"s:52:23:52:Infinity":12,"f:52:34:52:43":5,"s:52:43:52:67":13,"s:53:25:53:Infinity":14,"s:55:2:55:Infinity":15,"f:65:16:65:31":6,"b:65:70:65:83":3,"b:66:2:68:Infinity:undefined:undefined:undefined:undefined":4,"s:66:2:68:Infinity":16,"s:67:4:67:Infinity":17,"s:70:17:70:Infinity":18,"f:70:29:70:34":7,"s:70:34:70:41":19,"s:71:14:71:Infinity":20,"s:72:17:72:Infinity":21,"b:74:2:76:Infinity:undefined:undefined:undefined:undefined":5,"s:74:2:76:Infinity":22,"s:75:4:75:Infinity":23,"s:78:2:81:Infinity":24,"f:78:24:78:34":8,"s:79:19:79:Infinity":25,"s:80:4:80:Infinity":26,"f:91:16:91:38":9,"s:92:16:92:Infinity":27,"s:93:16:93:Infinity":28,"s:95:8:95:Infinity":29,"b:97:2:99:Infinity:undefined:undefined:undefined:undefined":6,"s:97:2:99:Infinity":30,"s:98:4:98:Infinity":31,"b:98:45:98:49:98:49:98:Infinity":7,"s:101:20:101:Infinity":32,"s:102:2:102:Infinity":33}}}
,"/Users/mac/Code/Tracker/src/lib/calculations/status.ts": {"path":"/Users/mac/Code/Tracker/src/lib/calculations/status.ts","statementMap":{"0":{"start":{"line":35,"column":50},"end":{"line":35,"column":null}},"1":{"start":{"line":38,"column":2},"end":{"line":40,"column":null}},"2":{"start":{"line":39,"column":4},"end":{"line":39,"column":null}},"3":{"start":{"line":43,"column":2},"end":{"line":45,"column":null}},"4":{"start":{"line":44,"column":4},"end":{"line":44,"column":null}},"5":{"start":{"line":46,"column":2},"end":{"line":48,"column":null}},"6":{"start":{"line":47,"column":4},"end":{"line":47,"column":null}},"7":{"start":{"line":51,"column":2},"end":{"line":58,"column":null}},"8":{"start":{"line":53,"column":4},"end":{"line":55,"column":null}},"9":{"start":{"line":54,"column":6},"end":{"line":54,"column":null}},"10":{"start":{"line":57,"column":4},"end":{"line":57,"column":null}},"11":{"start":{"line":62,"column":20},"end":{"line":62,"column":null}},"12":{"start":{"line":63,"column":8},"end":{"line":63,"column":null}},"13":{"start":{"line":64,"column":24},"end":{"line":64,"column":null}},"14":{"start":{"line":66,"column":29},"end":{"line":66,"column":null}},"15":{"start":{"line":67,"column":29},"end":{"line":67,"column":null}},"16":{"start":{"line":69,"column":2},"end":{"line":71,"column":null}},"17":{"start":{"line":70,"column":4},"end":{"line":70,"column":null}},"18":{"start":{"line":73,"column":2},"end":{"line":73,"column":null}},"19":{"start":{"line":84,"column":2},"end":{"line":86,"column":null}},"20":{"start":{"line":85,"column":4},"end":{"line":85,"column":null}},"21":{"start":{"line":89,"column":17},"end":{"line":91,"column":null}},"22":{"start":{"line":90,"column":14},"end":{"line":90,"column":null}},"23":{"start":{"line":93,"column":16},"end":{"line":93,"column":null}},"24":{"start":{"line":94,"column":15},"end":{"line":94,"column":null}},"25":{"start":{"line":95,"column":8},"end":{"line":95,"column":null}},"26":{"start":{"line":98,"column":20},"end":{"line":98,"column":null}},"27":{"start":{"line":100,"column":2},"end":{"line":102,"column":null}},"28":{"start":{"line":101,"column":4},"end":{"line":101,"column":null}},"29":{"start":{"line":104,"column":23},"end":{"line":104,"column":null}},"30":{"start":{"line":105,"column":25},"end":{"line":105,"column":null}},"31":{"start":{"line":107,"column":2},"end":{"line":109,"column":null}},"32":{"start":{"line":108,"column":4},"end":{"line":108,"column":null}},"33":{"start":{"line":111,"column":2},"end":{"line":111,"column":null}},"34":{"start":{"line":118,"column":2},"end":{"line":120,"column":null}},"35":{"start":{"line":119,"column":4},"end":{"line":119,"column":null}},"36":{"start":{"line":122,"column":17},"end":{"line":124,"column":null}},"37":{"start":{"line":123,"column":14},"end":{"line":123,"column":null}},"38":{"start":{"line":126,"column":16},"end":{"line":126,"column":null}},"39":{"start":{"line":127,"column":15},"end":{"line":127,"column":null}},"40":{"start":{"line":129,"column":2},"end":{"line":131,"column":null}},"41":{"start":{"line":130,"column":4},"end":{"line":130,"column":null}},"42":{"start":{"line":133,"column":2},"end":{"line":133,"column":null}},"43":{"start":{"line":143,"column":17},"end":{"line":147,"column":null}},"44":{"start":{"line":149,"column":27},"end":{"line":149,"column":null}},"45":{"start":{"line":153,"column":2},"end":{"line":163,"column":null}},"46":{"start":{"line":154,"column":4},"end":{"line":154,"column":null}},"47":{"start":{"line":155,"column":4},"end":{"line":155,"column":null}},"48":{"start":{"line":158,"column":4},"end":{"line":162,"column":null}},"49":{"start":{"line":161,"column":6},"end":{"line":161,"column":null}},"50":{"start":{"line":165,"column":2},"end":{"line":170,"column":null}}},"fnMap":{"0":{"name":"calculateStatus","decl":{"start":{"line":34,"column":16},"end":{"line":34,"column":32}},"loc":{"start":{"line":34,"column":66},"end":{"line":74,"column":null}},"line":34},"1":{"name":"calculateSimpleTrend","decl":{"start":{"line":80,"column":9},"end":{"line":80,"column":null}},"loc":{"start":{"line":83,"column":15},"end":{"line":112,"column":null}},"line":83},"2":{"name":"(anonymous_2)","decl":{"start":{"line":90,"column":4},"end":{"line":90,"column":5}},"loc":{"start":{"line":90,"column":14},"end":{"line":90,"column":null}},"line":90},"3":{"name":"calculatePercentChangeFromHistory","decl":{"start":{"line":117,"column":9},"end":{"line":117,"column":43}},"loc":{"start":{"line":117,"column":82},"end":{"line":134,"column":null}},"line":117},"4":{"name":"(anonymous_4)","decl":{"start":{"line":123,"column":4},"end":{"line":123,"column":5}},"loc":{"start":{"line":123,"column":14},"end":{"line":123,"column":null}},"line":123},"5":{"name":"calculateMetricResult","decl":{"start":{"line":139,"column":16},"end":{"line":139,"column":null}},"loc":{"start":{"line":142,"column":27},"end":{"line":171,"column":null}},"line":142}},"branchMap":{"0":{"loc":{"start":{"line":38,"column":2},"end":{"line":40,"column":null}},"type":"if","locations":[{"start":{"line":38,"column":2},"end":{"line":40,"column":null}},{"start":{},"end":{}}],"line":38},"1":{"loc":{"start":{"line":43,"column":2},"end":{"line":45,"column":null}},"type":"if","locations":[{"start":{"line":43,"column":2},"end":{"line":45,"column":null}},{"start":{},"end":{}}],"line":43},"2":{"loc":{"start":{"line":46,"column":2},"end":{"line":48,"column":null}},"type":"if","locations":[{"start":{"line":46,"column":2},"end":{"line":48,"column":null}},{"start":{},"end":{}}],"line":46},"3":{"loc":{"start":{"line":51,"column":2},"end":{"line":58,"column":null}},"type":"if","locations":[{"start":{"line":51,"column":2},"end":{"line":58,"column":null}},{"start":{},"end":{}}],"line":51},"4":{"loc":{"start":{"line":53,"column":4},"end":{"line":55,"column":null}},"type":"if","locations":[{"start":{"line":53,"column":4},"end":{"line":55,"column":null}},{"start":{},"end":{}}],"line":53},"5":{"loc":{"start":{"line":53,"column":8},"end":{"line":53,"column":64}},"type":"binary-expr","locations":[{"start":{"line":53,"column":8},"end":{"line":53,"column":37}},{"start":{"line":53,"column":37},"end":{"line":53,"column":64}}],"line":53},"6":{"loc":{"start":{"line":69,"column":2},"end":{"line":71,"column":null}},"type":"if","locations":[{"start":{"line":69,"column":2},"end":{"line":71,"column":null}},{"start":{},"end":{}}],"line":69},"7":{"loc":{"start":{"line":69,"column":6},"end":{"line":69,"column":66}},"type":"binary-expr","locations":[{"start":{"line":69,"column":6},"end":{"line":69,"column":37}},{"start":{"line":69,"column":37},"end":{"line":69,"column":66}}],"line":69},"8":{"loc":{"start":{"line":84,"column":2},"end":{"line":86,"column":null}},"type":"if","locations":[{"start":{"line":84,"column":2},"end":{"line":86,"column":null}},{"start":{},"end":{}}],"line":84},"9":{"loc":{"start":{"line":100,"column":2},"end":{"line":102,"column":null}},"type":"if","locations":[{"start":{"line":100,"column":2},"end":{"line":102,"column":null}},{"start":{},"end":{}}],"line":100},"10":{"loc":{"start":{"line":107,"column":2},"end":{"line":109,"column":null}},"type":"if","locations":[{"start":{"line":107,"column":2},"end":{"line":109,"column":null}},{"start":{},"end":{}}],"line":107},"11":{"loc":{"start":{"line":107,"column":7},"end":{"line":107,"column":78}},"type":"binary-expr","locations":[{"start":{"line":107,"column":7},"end":{"line":107,"column":23}},{"start":{"line":107,"column":23},"end":{"line":107,"column":43}},{"start":{"line":107,"column":43},"end":{"line":107,"column":60}},{"start":{"line":107,"column":60},"end":{"line":107,"column":78}}],"line":107},"12":{"loc":{"start":{"line":118,"column":2},"end":{"line":120,"column":null}},"type":"if","locations":[{"start":{"line":118,"column":2},"end":{"line":120,"column":null}},{"start":{},"end":{}}],"line":118},"13":{"loc":{"start":{"line":129,"column":2},"end":{"line":131,"column":null}},"type":"if","locations":[{"start":{"line":129,"column":2},"end":{"line":131,"column":null}},{"start":{},"end":{}}],"line":129},"14":{"loc":{"start":{"line":153,"column":2},"end":{"line":163,"column":null}},"type":"if","locations":[{"start":{"line":153,"column":2},"end":{"line":163,"column":null}},{"start":{},"end":{}}],"line":153},"15":{"loc":{"start":{"line":153,"column":6},"end":{"line":153,"column":37}},"type":"binary-expr","locations":[{"start":{"line":153,"column":6},"end":{"line":153,"column":17}},{"start":{"line":153,"column":17},"end":{"line":153,"column":37}}],"line":153},"16":{"loc":{"start":{"line":158,"column":4},"end":{"line":162,"column":null}},"type":"if","locations":[{"start":{"line":158,"column":4},"end":{"line":162,"column":null}},{"start":{},"end":{}}],"line":158},"17":{"loc":{"start":{"line":158,"column":8},"end":{"line":158,"column":62}},"type":"binary-expr","locations":[{"start":{"line":158,"column":8},"end":{"line":158,"column":39}},{"start":{"line":158,"column":39},"end":{"line":158,"column":62}}],"line":158}},"s":{"0":105,"1":105,"2":1,"3":104,"4":16,"5":88,"6":4,"7":84,"8":77,"9":61,"10":16,"11":7,"12":7,"13":7,"14":7,"15":7,"16":7,"17":2,"18":5,"19":1,"20":0,"21":1,"22":2,"23":1,"24":1,"25":1,"26":1,"27":1,"28":0,"29":1,"30":1,"31":1,"32":1,"33":0,"34":1,"35":0,"36":1,"37":2,"38":1,"39":1,"40":1,"41":0,"42":1,"43":4,"44":4,"45":4,"46":1,"47":1,"48":1,"49":1,"50":4},"f":{"0":105,"1":1,"2":2,"3":1,"4":2,"5":4},"b":{"0":[1,104],"1":[16,88],"2":[4,84],"3":[77,7],"4":[61,16],"5":[77,75],"6":[2,5],"7":[7,4],"8":[0,1],"9":[0,1],"10":[1,0],"11":[1,0,1,1],"12":[0,1],"13":[0,1],"14":[1,3],"15":[4,1],"16":[1,0],"17":[1,1]},"meta":{"lastBranch":18,"lastFunction":6,"lastStatement":51,"seen":{"f:34:16:34:32":0,"s:35:50:35:Infinity":0,"b:38:2:40:Infinity:undefined:undefined:undefined:undefined":0,"s:38:2:40:Infinity":1,"s:39:4:39:Infinity":2,"b:43:2:45:Infinity:undefined:undefined:undefined:undefined":1,"s:43:2:45:Infinity":3,"s:44:4:44:Infinity":4,"b:46:2:48:Infinity:undefined:undefined:undefined:undefined":2,"s:46:2:48:Infinity":5,"s:47:4:47:Infinity":6,"b:51:2:58:Infinity:undefined:undefined:undefined:undefined":3,"s:51:2:58:Infinity":7,"b:53:4:55:Infinity:undefined:undefined:undefined:undefined":4,"s:53:4:55:Infinity":8,"b:53:8:53:37:53:37:53:64":5,"s:54:6:54:Infinity":9,"s:57:4:57:Infinity":10,"s:62:20:62:Infinity":11,"s:63:8:63:Infinity":12,"s:64:24:64:Infinity":13,"s:66:29:66:Infinity":14,"s:67:29:67:Infinity":15,"b:69:2:71:Infinity:undefined:undefined:undefined:undefined":6,"s:69:2:71:Infinity":16,"b:69:6:69:37:69:37:69:66":7,"s:70:4:70:Infinity":17,"s:73:2:73:Infinity":18,"f:80:9:80:Infinity":1,"b:84:2:86:Infinity:undefined:undefined:undefined:undefined":8,"s:84:2:86:Infinity":19,"s:85:4:85:Infinity":20,"s:89:17:91:Infinity":21,"f:90:4:90:5":2,"s:90:14:90:Infinity":22,"s:93:16:93:Infinity":23,"s:94:15:94:Infinity":24,"s:95:8:95:Infinity":25,"s:98:20:98:Infinity":26,"b:100:2:102:Infinity:undefined:undefined:undefined:undefined":9,"s:100:2:102:Infinity":27,"s:101:4:101:Infinity":28,"s:104:23:104:Infinity":29,"s:105:25:105:Infinity":30,"b:107:2:109:Infinity:undefined:undefined:undefined:undefined":10,"s:107:2:109:Infinity":31,"b:107:7:107:23:107:23:107:43:107:43:107:60:107:60:107:78":11,"s:108:4:108:Infinity":32,"s:111:2:111:Infinity":33,"f:117:9:117:43":3,"b:118:2:120:Infinity:undefined:undefined:undefined:undefined":12,"s:118:2:120:Infinity":34,"s:119:4:119:Infinity":35,"s:122:17:124:Infinity":36,"f:123:4:123:5":4,"s:123:14:123:Infinity":37,"s:126:16:126:Infinity":38,"s:127:15:127:Infinity":39,"b:129:2:131:Infinity:undefined:undefined:undefined:undefined":13,"s:129:2:131:Infinity":40,"s:130:4:130:Infinity":41,"s:133:2:133:Infinity":42,"f:139:16:139:Infinity":5,"s:143:17:147:Infinity":43,"s:149:27:149:Infinity":44,"b:153:2:163:Infinity:undefined:undefined:undefined:undefined":14,"s:153:2:163:Infinity":45,"b:153:6:153:17:153:17:153:37":15,"s:154:4:154:Infinity":46,"s:155:4:155:Infinity":47,"b:158:4:162:Infinity:undefined:undefined:undefined:undefined":16,"s:158:4:162:Infinity":48,"b:158:8:158:39:158:39:158:62":17,"s:161:6:161:Infinity":49,"s:165:2:170:Infinity":50}}}
,"/Users/mac/Code/Tracker/src/lib/calculations/trend.ts": {"path":"/Users/mac/Code/Tracker/src/lib/calculations/trend.ts","statementMap":{"0":{"start":{"line":20,"column":24},"end":{"line":20,"column":null}},"1":{"start":{"line":31,"column":44},"end":{"line":31,"column":null}},"2":{"start":{"line":34,"column":2},"end":{"line":36,"column":null}},"3":{"start":{"line":35,"column":4},"end":{"line":35,"column":null}},"4":{"start":{"line":39,"column":17},"end":{"line":41,"column":null}},"5":{"start":{"line":40,"column":14},"end":{"line":40,"column":null}},"6":{"start":{"line":43,"column":16},"end":{"line":43,"column":null}},"7":{"start":{"line":44,"column":15},"end":{"line":44,"column":null}},"8":{"start":{"line":47,"column":2},"end":{"line":56,"column":null}},"9":{"start":{"line":50,"column":4},"end":{"line":54,"column":null}},"10":{"start":{"line":51,"column":6},"end":{"line":51,"column":null}},"11":{"start":{"line":52,"column":4},"end":{"line":54,"column":null}},"12":{"start":{"line":53,"column":6},"end":{"line":53,"column":null}},"13":{"start":{"line":55,"column":4},"end":{"line":55,"column":null}},"14":{"start":{"line":58,"column":24},"end":{"line":58,"column":null}},"15":{"start":{"line":61,"column":2},"end":{"line":63,"column":null}},"16":{"start":{"line":62,"column":4},"end":{"line":62,"column":null}},"17":{"start":{"line":65,"column":23},"end":{"line":65,"column":null}},"18":{"start":{"line":66,"column":25},"end":{"line":66,"column":null}},"19":{"start":{"line":68,"column":2},"end":{"line":70,"column":null}},"20":{"start":{"line":69,"column":4},"end":{"line":69,"column":null}},"21":{"start":{"line":72,"column":2},"end":{"line":72,"column":null}},"22":{"start":{"line":83,"column":2},"end":{"line":85,"column":null}},"23":{"start":{"line":84,"column":4},"end":{"line":84,"column":null}},"24":{"start":{"line":87,"column":2},"end":{"line":87,"column":null}}},"fnMap":{"0":{"name":"analyzeTrend","decl":{"start":{"line":30,"column":16},"end":{"line":30,"column":29}},"loc":{"start":{"line":30,"column":61},"end":{"line":73,"column":null}},"line":30},"1":{"name":"(anonymous_1)","decl":{"start":{"line":40,"column":4},"end":{"line":40,"column":5}},"loc":{"start":{"line":40,"column":14},"end":{"line":40,"column":null}},"line":40},"2":{"name":"calculatePercentChange","decl":{"start":{"line":82,"column":16},"end":{"line":82,"column":39}},"loc":{"start":{"line":82,"column":82},"end":{"line":88,"column":null}},"line":82}},"branchMap":{"0":{"loc":{"start":{"line":34,"column":2},"end":{"line":36,"column":null}},"type":"if","locations":[{"start":{"line":34,"column":2},"end":{"line":36,"column":null}},{"start":{},"end":{}}],"line":34},"1":{"loc":{"start":{"line":47,"column":2},"end":{"line":56,"column":null}},"type":"if","locations":[{"start":{"line":47,"column":2},"end":{"line":56,"column":null}},{"start":{},"end":{}}],"line":47},"2":{"loc":{"start":{"line":50,"column":4},"end":{"line":54,"column":null}},"type":"if","locations":[{"start":{"line":50,"column":4},"end":{"line":54,"column":nul
[...]
d":{"line":147,"column":null}}],"line":128},"4":{"loc":{"start":{"line":129,"column":4},"end":{"line":144,"column":null}},"type":"if","locations":[{"start":{"line":129,"column":4},"end":{"line":144,"column":null}},{"start":{"line":141,"column":11},"end":{"line":144,"column":null}}],"line":129},"5":{"loc":{"start":{"line":150,"column":2},"end":{"line":169,"column":null}},"type":"if","locations":[{"start":{"line":150,"column":2},"end":{"line":169,"column":null}},{"start":{"line":167,"column":9},"end":{"line":169,"column":null}}],"line":150},"6":{"loc":{"start":{"line":151,"column":4},"end":{"line":166,"column":null}},"type":"if","locations":[{"start":{"line":151,"column":4},"end":{"line":166,"column":null}},{"start":{"line":163,"column":11},"end":{"line":166,"column":null}}],"line":151},"7":{"loc":{"start":{"line":172,"column":2},"end":{"line":191,"column":null}},"type":"if","locations":[{"start":{"line":172,"column":2},"end":{"line":191,"column":null}},{"start":{"line":189,"column":9},"end":{"line":191,"column":null}}],"line":172},"8":{"loc":{"start":{"line":173,"column":4},"end":{"line":188,"column":null}},"type":"if","locations":[{"start":{"line":173,"column":4},"end":{"line":188,"column":null}},{"start":{"line":185,"column":11},"end":{"line":188,"column":null}}],"line":173},"9":{"loc":{"start":{"line":194,"column":2},"end":{"line":213,"column":null}},"type":"if","locations":[{"start":{"line":194,"column":2},"end":{"line":213,"column":null}},{"start":{"line":211,"column":9},"end":{"line":213,"column":null}}],"line":194},"10":{"loc":{"start":{"line":195,"column":4},"end":{"line":210,"column":null}},"type":"if","locations":[{"start":{"line":195,"column":4},"end":{"line":210,"column":null}},{"start":{"line":207,"column":11},"end":{"line":210,"column":null}}],"line":195},"11":{"loc":{"start":{"line":216,"column":2},"end":{"line":235,"column":null}},"type":"if","locations":[{"start":{"line":216,"column":2},"end":{"line":235,"column":null}},{"start":{"line":233,"column":9},"end":{"line":235,"column":null}}],"line":216},"12":{"loc":{"start":{"line":217,"column":4},"end":{"line":232,"column":null}},"type":"if","locations":[{"start":{"line":217,"column":4},"end":{"line":232,"column":null}},{"start":{"line":229,"column":11},"end":{"line":232,"column":null}}],"line":217},"13":{"loc":{"start":{"line":217,"column":8},"end":{"line":217,"column":104}},"type":"binary-expr","locations":[{"start":{"line":217,"column":8},"end":{"line":217,"column":65}},{"start":{"line":217,"column":65},"end":{"line":217,"column":104}}],"line":217}},"s":{"0":5,"1":5,"2":11,"3":11,"4":11,"5":11,"6":0,"7":0,"8":0,"9":0,"10":0,"11":0,"12":5,"13":12,"14":12,"15":12,"16":12,"17":12,"18":12,"19":57,"20":12,"21":11,"22":11,"23":0,"24":0,"25":1,"26":12,"27":12,"28":12,"29":0,"30":0,"31":0,"32":12,"33":12,"34":12,"35":0,"36":0,"37":0,"38":12,"39":12,"40":12,"41":0,"42":0,"43":0,"44":12,"45":11,"46":10,"47":1,"48":1,"49":1,"50":12},"f":{"0":11,"1":12,"2":57},"b":{"0":[11,0],"1":[0,0],"2":[12,11],"3":[11,1],"4":[11,0],"5":[12,0],"6":[12,0],"7":[12,0],"8":[12,0],"9":[12,0],"10":[12,0],"11":[11,1],"12":[10,1],"13":[11,10]},"meta":{"lastBranch":14,"lastFunction":3,"lastStatement":51,"seen":{"s:35:60:41:Infinity":0,"s:46:58:52:Infinity":1,"f:57:9:57:28":0,"s:58:2:73:Infinity":2,"s:59:17:59:Infinity":3,"b:60:4:62:Infinity:undefined:undefined:undefined:undefined":0,"s:60:4:62:Infinity":4,"s:61:6:61:Infinity":5,"s:64:22:64:Infinity":6,"s:65:20:65:Infinity":7,"b:66:4:68:Infinity:undefined:undefined:undefined:undefined":1,"s:66:4:68:Infinity":8,"s:67:6:67:Infinity":9,"s:70:4:70:Infinity":10,"s:72:4:72:Infinity":11,"s:79:68:85:Infinity":12,"f:90:16:90:Infinity":1,"s:94:37:94:Infinity":13,"s:95:28:95:Infinity":14,"s:96:29:96:Infinity":15,"s:98:23:98:Infinity":16,"s:99:20:99:Infinity":17,"b:99:20:99:41:99:41:99:Infinity":2,"s:102:23:125:Infinity":18,"f:102:23:102:Infinity":2,"s:110:25:125:Infinity":19,"b:128:2:147:Infinity:145:9:147:Infinity":3,"s:128:2:147:Infinity":20,"b:129:4:144:Infinity:141:11:144:Infinity":4,"s:129:4:144:Infinity":21,"s:130:6:140:Infinity":22,"s:142:6:142:Infinity":23,"s:143:6:143:Infinity":24,"s:146:4:146:Infinity":25,"b:150:2:169:Infinity:167:9:169:Infinity":5,"s:150:2:169:Infinity":26,"b:151:4:166:Infinity:163:11:166:Infinity":6,"s:151:4:166:Infinity":27,"s:152:6:162:Infinity":28,"s:164:6:164:Infinity":29,"s:165:6:165:Infinity":30,"s:168:4:168:Infinity":31,"b:172:2:191:Infinity:189:9:191:Infinity":7,"s:172:2:191:Infinity":32,"b:173:4:188:Infinity:185:11:188:Infinity":8,"s:173:4:188:Infinity":33,"s:174:6:184:Infinity":34,"s:186:6:186:Infinity":35,"s:187:6:187:Infinity":36,"s:190:4:190:Infinity":37,"b:194:2:213:Infinity:211:9:213:Infinity":9,"s:194:2:213:Infinity":38,"b:195:4:210:Infinity:207:11:210:Infinity":10,"s:195:4:210:Infinity":39,"s:196:6:206:Infinity":40,"s:208:6:208:Infinity":41,"s:209:6:209:Infinity":42,"s:212:4:212:Infinity":43,"b:216:2:235:Infinity:233:9:235:Infinity":11,"s:216:2:235:Infinity":44,"b:217:4:232:Infinity:229:11:232:Infinity":12,"s:217:4:232:Infinity":45,"b:217:8:217:65:217:65:217:104":13,"s:218:6:228:Infinity":46,"s:230:6:230:Infinity":47,"s:231:6:231:Infinity":48,"s:234:4:234:Infinity":49,"s:237:2:237:Infinity":50}}}
,"/Users/mac/Code/Tracker/src/lib/whoop/parser.ts": {"path":"/Users/mac/Code/Tracker/src/lib/whoop/parser.ts","statementMap":{"0":{"start":{"line":22,"column":56},"end":{"line":27,"column":null}},"1":{"start":{"line":36,"column":34},"end":{"line":36,"column":null}},"2":{"start":{"line":39,"column":2},"end":{"line":41,"column":null}},"3":{"start":{"line":40,"column":4},"end":{"line":40,"column":null}},"4":{"start":{"line":43,"column":14},"end":{"line":43,"column":null}},"5":{"start":{"line":46,"column":2},"end":{"line":48,"column":null}},"6":{"start":{"line":47,"column":4},"end":{"line":47,"column":null}},"7":{"start":{"line":50,"column":2},"end":{"line":53,"column":null}},"8":{"start":{"line":51,"column":4},"end":{"line":51,"column":null}},"9":{"start":{"line":52,"column":4},"end":{"line":52,"column":null}},"10":{"start":{"line":56,"column":21},"end":{"line":56,"column":null}},"11":{"start":{"line":57,"column":2},"end":{"line":61,"column":null}},"12":{"start":{"line":58,"column":4},"end":{"line":60,"column":null}},"13":{"start":{"line":59,"column":6},"end":{"line":59,"column":null}},"14":{"start":{"line":63,"column":2},"end":{"line":66,"column":null}},"15":{"start":{"line":75,"column":2},"end":{"line":93,"column":null}},"16":{"start":{"line":77,"column":17},"end":{"line":77,"column":null}},"17":{"start":{"line":78,"column":4},"end":{"line":80,"column":null}},"18":{"start":{"line":79,"column":6},"end":{"line":79,"column":null}},"19":{"start":{"line":83,"column":22},"end":{"line":83,"column":null}},"20":{"start":{"line":84,"column":20},"end":{"line":84,"column":null}},"21":{"start":{"line":85,"column":4},"end":{"line":87,"column":null}},"22":{"start":{"line":86,"column":6},"end":{"line":86,"column":null}},"23":{"start":{"line":90,"column":4},"end":{"line":90,"column":null}},"24":{"start":{"line":92,"column":4},"end":{"line":92,"column":null}},"25":{"start":{"line":100,"column":27},"end":{"line":100,"column":null}},"26":{"start":{"line":101,"column":29},"end":{"line":101,"column":null}},"27":{"start":{"line":105,"column":2},"end":{"line":125,"column":null}},"28":{"start":{"line":106,"column":4},"end":{"line":112,"column":null}},"29":{"start":{"line":107,"column":6},"end":{"line":111,"column":null}},"30":{"start":{"line":114,"column":4},"end":{"line":122,"column":null}},"31":{"start":{"line":115,"column":6},"end":{"line":115,"column":null}},"32":{"start":{"line":117,"column":6},"end":{"line":121,"column":null}},"33":{"start":{"line":124,"column":4},"end":{"line":124,"column":null}},"34":{"start":{"line":128,"column":21},"end":{"line":128,"column":null}},"35":{"start":{"line":129,"column":2},"end":{"line":134,"column":null}},"36":{"start":{"line":130,"column":4},"end":{"line":132,"column":null}},"37":{"start":{"line":131,"column":6},"end":{"line":131,"column":null}},"38":{"start":{"line":133,"column":4},"end":{"line":133,"column":null}},"39":{"start":{"line":136,"column":14},"end":{"line":136,"column":null}},"40":{"start":{"line":139,"column":2},"end":{"line":141,"column":null}},"41":{"start":{"line":140,"column":4},"end":{"line":140,"column":null}},"42":{"start":{"line":140,"column":61},"end":{"line":140,"column":82}},"43":{"start":{"line":144,"column":21},"end":{"line":144,"column":null}},"44":{"start":{"line":145,"column":38},"end":{"line":194,"column":null}},"45":{"start":{"line":196,"column":2},"end":{"line":201,"column":null}}},"fnMap":{"0":{"name":"validateWhoopJson","decl":{"start":{"line":32,"column":16},"end":{"line":32,"column":34}},"loc":{"start":{"line":35,"column":2},"end":{"line":67,"column":null}},"line":35},"1":{"name":"parseWhoopDatetime","decl":{"start":{"line":72,"column":9},"end":{"line":72,"column":28}},"loc":{"start":{"line":72,"column":54},"end":{"line":94,"column":null}},"line":72},"2":{"name":"parseWhoopJson","decl":{"start":{"line":99,"column":16},"end":{"line":99,"column":31}},"loc":{"start":{"line":99,"column":74},"end":{"line":202,"column":null}},"line":99},"3":{"name":"(anonymous_3)","decl":{"start":{"line":140,"column":41},"end":{"line":140,"column":42}},"loc":{"start":{"line":140,"column":61},"end":{"line":140,"column":82}},"line":140}},"branchMap":{"0":{"loc":{"start":{"line":39,"column":2},"end":{"line":41,"column":null}},"type":"if","locations":[{"start":{"line":39,"column":2},"end":{"line":41,"column":null}},{"start":{},"end":{}}],"line":39},"1":{"loc":{"start":{"line":39,"column":6},"end":{"line":39,"column":43}},"type":"binary-expr","locations":[{"start":{"line":39,"column":6},"end":{"line":39,"column":16}},{"start":{"line":39,"column":16},"end":{"line":39,"column":43}}],"line":39},"2":{"loc":{"start":{"line":46,"column":2},"end":{"line":48,"column":null}},"type":"if","locations":[{"start":{"line":46,"column":2},"end":{"line":48,"column":null}},{"start":{},"end":{}}],"line":46},"3":{"loc":{"start":{"line":46,"column":6},"end":{"line":46,"column":65}},"type":"binary-expr","locations":[{"start":{"line":46,"column":6},"end":{"line":46,"column":27}},{"start":{"line":46,"column":27},"end":{"line":46,"column":65}}],"line":46},"4":{"loc":{"start":{"line":50,"column":2},"end":{"line":53,"column":null}},"type":"if","locations":[{"start":{"line":50,"column":2},"end":{"line":53,"column":null}},{"start":{},"end":{}}],"line":50},"5":{"loc":{"start":{"line":50,"column":6},"end":{"line":50,"column":63}},"type":"binary-expr","locations":[{"start":{"line":50,"column":6},"end":{"line":50,"column":26}},{"start":{"line":50,"column":26},"end":{"line":50,"column":63}}],"line":50},"6":{"loc":{"start":{"line":58,"column":4},"end":{"line":60,"column":null}},"type":"if","locations":[{"start":{"line":58,"column":4},"end":{"line":60,"column":null}},{"start":{},"end":{}}],"line":58},"7":{"loc":{"start":{"line":78,"column":4},"end":{"line":80,"column":null}},"type":"if","locations":[{"start":{"line":78,"column":4},"end":{"line":80,"column":null}},{"start":{},"end":{}}],"line":78},"8":{"loc":{"start":{"line":85,"column":4},"end":{"line":87,"column":null}},"type":"if","locations":[{"start":{"line":85,"column":4},"end":{"line":87,"column":null}},{"start":{},"end":{}}],"line":85},"9":{"loc":{"start":{"line":105,"column":2},"end":{"line":125,"column":null}},"type":"if","locations":[{"start":{"line":105,"column":2},"end":{"line":125,"column":null}},{"start":{"line":123,"column":9},"end":{"line":125,"column":null}}],"line":105},"10":{"loc":{"start":{"line":106,"column":4},"end":{"line":112,"column":null}},"type":"if","locations":[{"start":{"line":106,"column":4},"end":{"line":112,"column":null}},{"start":{},"end":{}}],"line":106},"11":{"loc":{"start":{"line":119,"column":34},"end":{"line":119,"column":88}},"type":"cond-expr","locations":[{"start":{"line":119,"column":59},"end":{"line":119,"column":75}},{"start":{"line":119,"column":75},"end":{"line":119,"column":88}}],"line":119},"12":{"loc":{"start":{"line":129,"column":2},"end":{"line":134,"column":null}},"type":"if","locations":[{"start":{"line":129,"column":2},"end":{"line":134,"column":null}},{"start":{},"end":{}}],"line":129},"13":{"loc":{"start":{"line":139,"column":2},"end":{"line":141,"column":null}},"type":"if","locations":[{"start":{"line":139,"column":2},"end":{"line":141,"column":null}},{"start":{},"end":{}}],"line":139},"14":{"loc":{"start":{"line":147,"column":18},"end":{"line":150,"column":null}},"type":"binary-expr","locations":[{"start":{"line":147,"column":18},"end":{"line":147,"column":72}},{"start":{"line":147,"column":72},"end":{"line":150,"column":null}}],"line":147},"15":{"loc":{"start":{"line":155,"column":22},"end":{"line":155,"column":null}},"type":"binary-expr","locations":[{"start":{"line":155,"column":22},"end":{"line":155,"column":51}},{"start":{"line":155,"column":51},"end":{"line":155,"column":null}}],"line":155},"16":{"loc":{"start":{"line":156,"column":27},"end":{"line":156,"column":null}},"type":"binary-expr","locations":[{"start":{"line":156,"column":27},"end":{"line":156,"column":61}},{"start":{"line":156,"column":61},"end":{"line":156,"column":null}}],"line":156},"17":{"loc":{"start":{"line":158,"column":18},"end":{"line":158,"column":null}},"type":"binary-expr","locations":[{"start":{"line":158,"column":18},"end":{"line":158,"column":43}},{"start":{"line":158,"column":43},"end":{"line":158,"column":null}}],"line":158},"18":{"loc":{"start":{"line":159,"column":23},"end":{"line":159,"column":null}},"type":"binary-expr","locations":[{"start":{"line":159,"column":23},"end":{"line":159,"column":53}},{"start":{"line":159,"column":53},"end":{"line":159,"column":null}}],"line":159},"19":{"loc":{"start":{"line":160,"column":20},"end":{"line":160,"column":null}},"type":"binary-expr","locations":[{"start":{"line":160,"column":20},"end":{"line":160,"column":47}},{"start":{"line":160,"column":47},"end":{"line":160,"column":null}}],"line":160},"20":{"loc":{"start":{"line":161,"column":15},"end":{"line":161,"column":null}},"type":"binary-expr","locations":[{"start":{"line":161,"column":15},"end":{"line":161,"column":37}},{"start":{"line":161,"column":37},"end":{"line":161,"column":null}}],"line":161},"21":{"loc":{"start":{"line":162,"column":26},"end":{"line":162,"column":null}},"type":"binary-expr","locations":[{"start":{"line":162,"column":26},"end":{"line":162,"column":59}},{"start":{"line":162,"column":59},"end":{"line":162,"column":null}}],"line":162},"22":{"loc":{"start":{"line":163,"column":28},"end":{"line":163,"column":null}},"type":"binary-expr","locations":[{"start":{"line":163,"column":28},"end":{"line":163,"column":63}},{"start":{"line":163,"column":63},"end":{"line":163,"column":null}}],"line":163},"23":{"loc":{"start":{"line":164,"column":30},"end":{"line":164,"column":null}},"type":"binary-expr","locations":[{"start":{"line":164,"column":30},"end":{"line":164,"column":67}},{"start":{"line":164,"column":67},"end":{"line":164,"column":null}}],"line":164},"24":{"loc":{"start":{"line":165,"column":28},"end":{"line":165,"column":null}},"type":"binary-expr","locations":[{"start":{"line":165,"column":28},"end":{"line":165,"column":63}},{"start":{"line":165,"column":63},"end":{"line":165,"column":null}}],"line":165},"25":{"loc":{"start":{"line":167,"column":24},"end":{"line":183,"column":null}},"type":"binary-expr","locations":[{"start":{"line":167,"column":24},"end":{"line":167,"column":94}},{"start":{"line":167,"column":94},"end":{"line":183,"column":null}}],"line":167},"26":{"loc":{"start":{"line":184,"column":23},"end":{"line":188,"column":null}},"type":"binary-expr","locations":[{"start":{"line":184,"column":23},"end":{"line":184,"column":91}},{"start":{"line":184,"column":91},"end":{"line":188,"column":null}}],"line":184},"27":{"loc":{"start":{"line":189,"column":30},"end":{"line":191,"column":null}},"type":"cond-expr","locations":[{"start":{"line":190,"column":9},"end":{"line":190,"column":null}},{"start":{"line":191,"column":8},"end":{"line":191,"column":null}}],"line":189},"28":{"loc":{"start":{"line":192,"column":12},"end":{"line":192,"column":null}},"type":"cond-expr","locations":[{"start":{"line":192,"column":41},"end":{"line":192,"column":67}},{"start":{"line":192,"column":67},"end":{"line":192,"column":null}}],"line":192},"29":{"loc":{"start":{"line":193,"column":14},"end":{"line":193,"column":null}},"type":"cond-expr","locations":[{"start":{"line":193,"column":45},"end":{"line":193,"column":73}},{"start":{"line":193,"column":73},"end":{"line":193,"column":null}}],"line":193}},"s":{"0":5,"1":15,"2":15,"3":2,"4":13,"5":13,"6":1,"7":13,"8":2,"9":2,"10":11,"11":11,"12":44,"13":3,"14":11,"15":0,"16":0,"17":0,"18":0,"19":0,"20":0,"21":0,"22":0,"23":0,"24":0,"25":11,"26":11,"27":11,"28":7,"29":1,"30":6,"31":6,"32":2,"33":4,"34":8,"35":8,"36":1,"37":1,"38":1,"39":7,"40":7,"41":4,"42":1,"43":7,"44":7,"45":11},"f":{"0":15,"1":0,"2":11,"3":1},"b":{"0":[2,13],"1":[15,14],"2":[1,12],"3":[13,12],"4":[2,11],"5":[13,11],"6":[3,41],"7":[0,0],"8":[0,0],"9":[7,4],"10":[1,6],"11":[2,0],"12":[1,7],"13":[4,3],"14":[7,0],"15":[11,0],"16":[11,3],"17":[11,3],"18":[11,3],"19":[11,3],"20":[11,3],"21":[11,3],"22":[11,3],"23":[11,3],"24":[11,3],"25":[11,3],"26":[11,3],"27":[4,3],"28":[4,3],"29":[4,3]},"meta":{"lastBranch":30,"lastFunction":4,"lastStatement":46,"seen":{"s:22:56:27:Infinity":0,"f:32:16:32:34":0,"s:36:34:36:Infinity":1,"b:39:2:41:Infinity:undefined:undefined:undefined:undefined":0,"s:39:2:41:Infinity":2,"b:39:6:39:16:39:16:39:43":1,"s:40:4:40:Infinity":3,"s:43:14:43:Infinity":4,"b:46:2:48:Infinity:undefined:undefined:undefined:undefined":2,"s:46:2:48:Infinity":5,"b:46:6:46:27:46:27:46:65":3,"s:47:4:47:Infinity":6,"b:50:2:53:Infinity:undefined:undefined:undefined:undefined":4,"s:50:2:53:Infinity":7,"b:50:6:50:26:50:26:50:63":5,"s:51:4:51:Infinity":8,"s:52:4:52:Infinity":9,"s:56:21:56:Infinity":10,"s:57:2:61:Infinity":11,"b:58:4:60:Infinity:undefined:undefined:undefined:undefined":6,"s:58:4:60:Infinity":12,"s:59:6:59:Infinity":13,"s:63:2:66:Infinity":14,"f:72:9:72:28":1,"s:75:2:93:Infinity":15,"s:77:17:77:Infinity":16,"b:78:4:80:Infinity:undefined:undefined:undefined:undefined":7,"s:78:4:80:Infinity":17,"s:79:6:79:Infinity":18,"s:83:22:83:Infinity":19,"s:84:20:84:Infinity":20,"b:85:4:87:Infinity:undefined:undefined:undefined:undefined":8,"s:85:4:87:Infinity":21,"s:86:6:86:Infinity":22,"s:90:4:90:Infinity":23,"s:92:4:92:Infinity":24,"f:99:16:99:31":2,"s:100:27:100:Infinity":25,"s:101:29:101:Infinity":26,"b:105:2:125:Infinity:123:9:125:Infinity":9,"s:105:2:125:Infinity":27,"b:106:4:112:Infinity:undefined:undefined:undefined:undefined":10,"s:106:4:112:Infinity":28,"s:107:6:111:Infinity":29,"s:114:4:122:Infinity":30,"s:115:6:115:Infinity":31,"s:117:6:121:Infinity":32,"b:119:59:119:75:119:75:119:88":11,"s:124:4:124:Infinity":33,"s:128:21:128:Infinity":34,"b:129:2:134:Infinity:undefined:undefined:undefined:undefined":12,"s:129:2:134:Infinity":35,"s:130:4:132:Infinity":36,"s:131:6:131:Infinity":37,"s:133:4:133:Infinity":38,"s:136:14:136:Infinity":39,"b:139:2:141:Infinity:undefined:undefined:undefined:undefined":13,"s:139:2:141:Infinity":40,"s:140:4:140:Infinity":41,"f:140:41:140:42":3,"s:140:61:140:82":42,"s:144:21:144:Infinity":43,"s:145:38:194:Infinity":44,"b:147:18:147:72:147:72:150:Infinity":14,"b:155:22:155:51:155:51:155:Infinity":15,"b:156:27:156:61:156:61:156:Infinity":16,"b:158:18:158:43:158:43:158:Infinity":17,"b:159:23:159:53:159:53:159:Infinity":18,"b:160:20:160:47:160:47:160:Infinity":19,"b:161:15:161:37:161:37:161:Infinity":20,"b:162:26:162:59:162:59:162:Infinity":21,"b:163:28:163:63:163:63:163:Infinity":22,"b:164:30:164:67:164:67:164:Infinity":23,"b:165:28:165:63:165:63:165:Infinity":24,"b:167:24:167:94:167:94:183:Infinity":25,"b:184:23:184:91:184:91:188:Infinity":26,"b:190:9:190:Infinity:191:8:191:Infinity":27,"b:192:41:192:67:192:67:192:Infinity":28,"b:193:45:193:73:193:73:193:Infinity":29,"s:196:2:201:Infinity":45}}}
}
